        -:    0:Source:C:/Users/EMANUEL/Desktop/OOP/Laborator_8_9/ui.h
        -:    0:Graph:C:\Users\EMANUEL\Desktop\OOP\Laborator_8_9\cmake-build-debug-coverage\CMakeFiles\Laborator_8_9.dir\main.cpp.gcno
        -:    0:Data:C:\Users\EMANUEL\Desktop\OOP\Laborator_8_9\cmake-build-debug-coverage\CMakeFiles\Laborator_8_9.dir\main.cpp.gcda
        -:    0:Runs:1
        -:    1:#pragma once
        -:    2:#include "service.h"
        -:    3:#include "exceptions.h"
        -:    4:#include <iostream>
        -:    5:#include <algorithm>
        -:    6:
        -:    7:class Ui {
        -:    8:    Service &service;
        -:    9:
        -:   10:    void addUi();
        -:   11:
        -:   12:    void deleteUi();
        -:   13:
        -:   14:    void updateUi();
        -:   15:
        -:   16:    static void printUi(const vector<Disciplina>& discipline);
        -:   17:
        -:   18:    void searchUi();
        -:   19:
        -:   20:    void filterUi();
        -:   21:
        -:   22:    void sortUi();
        -:   23:
        -:   24:public:
function _ZN2UiC1ER7Service called 1 returned 100% blocks executed 100%
        1:   25:    explicit Ui(Service &service) :service { service }{}
        -:   26:
        -:   27:    static void menu();
        -:   28:
        -:   29:    void runUi();
        -:   30:
        -:   31:    void createContractUi();
        -:   32:
        -:   33:    void emptyContractUi();
        -:   34:
        -:   35:    void generateContractUi();
        -:   36:
        -:   37:    void printContractUi(const vector<Disciplina>& discipline);
        -:   38:
        -:   39:    void funcNoua();
        -:   40:
        -:   41:    void exportToFileUi();
        -:   42:
        -:   43:    void undoUi();
        -:   44:};
