        -:    0:Source:C:/Users/EMANUEL/Desktop/OOP/Laborator_8_9/repository.h
        -:    0:Graph:C:\Users\EMANUEL\Desktop\OOP\Laborator_8_9\cmake-build-debug-coverage\CMakeFiles\Laborator_8_9.dir\service.cpp.gcno
        -:    0:Data:C:\Users\EMANUEL\Desktop\OOP\Laborator_8_9\cmake-build-debug-coverage\CMakeFiles\Laborator_8_9.dir\service.cpp.gcda
        -:    0:Runs:1
        -:    1:#pragma once
        -:    2:#include "domain.h"
        -:    3:#include <vector>
        -:    4:#include <algorithm>
        -:    5:#include "exceptions.h"
        -:    6:
        -:    7:using std::vector;
        -:    8:
        -:    9:class Repo {
        -:   10:
        -:   11:private:
        -:   12:    vector<Disciplina> discipline;
        -:   13:public:
        -:   14:
        -:   15:    Repo(const Repo& ot) = delete;
        -:   16:    Repo() = default;
        -:   17:
function _ZN4Repo6getAllEv called 44 returned 100% blocks executed 100%
       44:   18:    const vector<Disciplina>& getAll(){
       44:   19:        return discipline;
       44:   19-block  0
        -:   20:    }
        -:   21:
        -:   22:    virtual void addRepo(const Disciplina& disciplina);
        -:   23:
        -:   24:    virtual void deleteRepo(const string& denumire);
        -:   25:
        -:   26:    virtual void updateRepo(const string& denumire, const Disciplina& disciplinaNoua);
        -:   27:
        -:   28:    Disciplina searchRepo(const string& denumire);
        -:   29:};
