        -:    0:Source:C:/Users/EMANUEL/Desktop/OOP/Laborator_8_9/service.cpp
        -:    0:Graph:C:\Users\EMANUEL\Desktop\OOP\Laborator_8_9\cmake-build-debug-coverage\CMakeFiles\Laborator_8_9.dir\service.cpp.gcno
        -:    0:Data:C:\Users\EMANUEL\Desktop\OOP\Laborator_8_9\cmake-build-debug-coverage\CMakeFiles\Laborator_8_9.dir\service.cpp.gcda
        -:    0:Runs:1
        -:    1:#include "service.h"
        -:    2:
function _ZN7Service6getAllEv called 18 returned 100% blocks executed 100%
       18:    3:vector<Disciplina> Service::getAll() {
       18:    4:    return repo.getAll();
       18:    4-block  0
call    0 returned 18
call    1 returned 18
        -:    5:}
        -:    6:
function _ZN7Service10addServiceERKNSt7__cxx1112basic_stringIcSt11char_traitsIcESaIcEEEiS7_S7_ called 16 returned 100% blocks executed 55%
       16:    7:void Service::addService(const string& denumire, int ore, const string& tip, const string& profesor){
       32:    8:    Disciplina d(denumire, ore, tip, profesor);
       16:    8-block  0
call    0 returned 16
branch  1 taken 16 (fallthrough)
branch  2 taken 0 (throw)
       16:    8-block  1
call    3 returned 16
branch  4 taken 16 (fallthrough)
branch  5 taken 0 (throw)
       16:    8-block  2
call    6 returned 16
branch  7 taken 16 (fallthrough)
branch  8 taken 0 (throw)
       16:    8-block  3
call    9 returned 16
call   10 returned 16
call   11 returned 16
    $$$$$:    8-block  4
    $$$$$:    8-block  5
       16:    9:    ValidareDisciplina::validate(d);
call    0 returned 16
branch  1 taken 16 (fallthrough)
branch  2 taken 0 (throw)
        -:   10:    /// pentru undo
       16:   11:    undoActions.push_back(std::make_unique<UndoAdauga>(repo, d));
       16:   11-block  0
call    0 returned 16
branch  1 taken 16 (fallthrough)
branch  2 taken 0 (throw)
       16:   11-block  1
call    3 returned 16
call    4 returned 16
branch  5 taken 16 (fallthrough)
branch  6 taken 0 (throw)
       16:   11-block  2
call    7 returned 16
call    8 returned 16
    $$$$$:   11-block  3
call    9 never executed
    $$$$$:   11-block  4
    $$$$$:   11-block  5
call   10 never executed
    $$$$$:   11-block  6
        -:   12:    /// pentru undo
       16:   13:    repo.addRepo(d);
call    0 returned 16
branch  1 taken 16 (fallthrough)
branch  2 taken 0 (throw)
       16:   14:}
       16:   14-block  0
call    0 returned 16
    $$$$$:   14-block  1
call    1 never executed
        -:   15:
function _ZN7Service13deleteServiceERKNSt7__cxx1112basic_stringIcSt11char_traitsIcESaIcEEE called 7 returned 86% blocks executed 58%
        7:   16:void Service::deleteService(const string& denumire) {
        -:   17:    /// pentru undo
        7:   18:    auto d = searchService(denumire);
        7:   18-block  0
call    0 returned 7
branch  1 taken 6 (fallthrough)
branch  2 taken 1 (throw)
        6:   19:    undoActions.push_back(std::make_unique<UndoSterge>(repo, d));
        6:   19-block  0
call    0 returned 6
branch  1 taken 6 (fallthrough)
branch  2 taken 0 (throw)
        6:   19-block  1
call    3 returned 6
call    4 returned 6
branch  5 taken 6 (fallthrough)
branch  6 taken 0 (throw)
        6:   19-block  2
call    7 returned 6
call    8 returned 6
    $$$$$:   19-block  3
call    9 never executed
    $$$$$:   19-block  4
    $$$$$:   19-block  5
call   10 never executed
    $$$$$:   19-block  6
        -:   20:    /// pentru undo
        6:   21:    repo.deleteRepo(denumire);
call    0 returned 6
branch  1 taken 6 (fallthrough)
branch  2 taken 0 (throw)
        6:   22:    contract.deleteDisciplinaDinContract(denumire);
        6:   22-block  0
call    0 returned 6
branch  1 taken 6 (fallthrough)
branch  2 taken 0 (throw)
        6:   23:}
        6:   23-block  0
call    0 returned 6
    $$$$$:   23-block  1
call    1 never executed
        -:   24:
function _ZN7Service13updateServiceERKNSt7__cxx1112basic_stringIcSt11char_traitsIcESaIcEEES7_iS7_S7_ called 4 returned 75% blocks executed 61%
        4:   25:void Service::updateService(const string& denumire, const string& denumireNoua, int nrOreNou, const string& tipNou, const string& profesorNou) {
        8:   26:    Disciplina disciplinaNoua(denumireNoua, nrOreNou, tipNou, profesorNou);
        4:   26-block  0
call    0 returned 4
branch  1 taken 4 (fallthrough)
branch  2 taken 0 (throw)
        4:   26-block  1
call    3 returned 4
branch  4 taken 4 (fallthrough)
branch  5 taken 0 (throw)
        4:   26-block  2
call    6 returned 4
branch  7 taken 4 (fallthrough)
branch  8 taken 0 (throw)
        4:   26-block  3
call    9 returned 4
call   10 returned 4
call   11 returned 4
    $$$$$:   26-block  4
    $$$$$:   26-block  5
        4:   27:    ValidareDisciplina::validate(disciplinaNoua);
call    0 returned 4
branch  1 taken 4 (fallthrough)
branch  2 taken 0 (throw)
        -:   28:    /// pentru undo
        4:   29:    auto disciplinaVeche = searchService(denumire);
        4:   29-block  0
call    0 returned 4
branch  1 taken 3 (fallthrough)
branch  2 taken 1 (throw)
        3:   30:    undoActions.push_back(std::make_unique<UndoModifica>(repo, disciplinaNoua, disciplinaVeche));
        3:   30-block  0
call    0 returned 3
branch  1 taken 3 (fallthrough)
branch  2 taken 0 (throw)
        3:   30-block  1
call    3 returned 3
call    4 returned 3
branch  5 taken 3 (fallthrough)
branch  6 taken 0 (throw)
        3:   30-block  2
call    7 returned 3
call    8 returned 3
    $$$$$:   30-block  3
call    9 never executed
    $$$$$:   30-block  4
    $$$$$:   30-block  5
call   10 never executed
    $$$$$:   30-block  6
        -:   31:    /// pentru undo
        3:   32:    repo.updateRepo(denumire, disciplinaNoua);
call    0 returned 3
branch  1 taken 3 (fallthrough)
branch  2 taken 0 (throw)
        3:   33:    contract.updateDisciplinaDinContract(denumire, disciplinaNoua);
        3:   33-block  0
call    0 returned 3
branch  1 taken 3 (fallthrough)
branch  2 taken 0 (throw)
        4:   34:}
        3:   34-block  0
call    0 returned 3
call    1 returned 3
    $$$$$:   34-block  1
call    2 never executed
        1:   34-block  2
call    3 returned 1
        -:   35:
function _ZN7Service13searchServiceERKNSt7__cxx1112basic_stringIcSt11char_traitsIcESaIcEEE called 14 returned 71% blocks executed 100%
       14:   36:Disciplina Service::searchService(const string &denumire) {
       14:   37:    return repo.searchRepo(denumire);
       14:   37-block  0
call    0 returned 10
        -:   38:}
        -:   39:
function _ZN7Service6filterERKSt8functionIFbRK10DisciplinaEE called 6 returned 100% blocks executed 67%
        6:   40:vector<Disciplina> Service::filter(const function<bool(const Disciplina&)>& fct) {
        6:   41:    vector<Disciplina> all = repo.getAll();
        6:   41-block  0
call    0 returned 6
call    1 returned 6
branch  2 taken 6 (fallthrough)
branch  3 taken 0 (throw)
        6:   42:    vector<Disciplina> rez;
        6:   42-block  0
call    0 returned 6
        6:   43:    std::copy_if(all.begin(), all.end(), std::back_inserter(rez), fct);
call    0 returned 6
branch  1 taken 6 (fallthrough)
branch  2 taken 0 (throw)
        6:   43-block  0
call    3 returned 6
branch  4 taken 6 (fallthrough)
branch  5 taken 0 (throw)
        6:   43-block  1
call    6 returned 6
call    7 returned 6
call    8 returned 6
branch  9 taken 6 (fallthrough)
branch 10 taken 0 (throw)
        6:   43-block  2
call   11 returned 6
    $$$$$:   43-block  3
call   12 never executed
    $$$$$:   43-block  4
       12:   44:    return rez;
        6:   44-block  0
        6:   45:}
        6:   45-block  0
call    0 returned 6
    $$$$$:   45-block  1
call    1 never executed
    $$$$$:   45-block  2
call    2 never executed
        -:   46:
function _ZN7Service11filterNrOreEi called 3 returned 100% blocks executed 75%
        3:   47:vector<Disciplina> Service::filterNrOre(int nrOre) {
function _ZZN7Service11filterNrOreEiENKUlRK10DisciplinaE_clES2_ called 12 returned 100% blocks executed 100%
       24:   48:    return filter([nrOre](const Disciplina& d) {
       12:   49:        return d.getOrePeSaptamana() == nrOre;
       12:   49-block  0
call    0 returned 12
        3:   50:    });
        3:   50-block  0
call    0 returned 3
call    1 returned 3
branch  2 taken 3 (fallthrough)
branch  3 taken 0 (throw)
        3:   50-block  1
call    4 returned 3
        3:   50-block  2
    $$$$$:   50-block  3
call    5 never executed
        -:   51:}
        -:   52:
function _ZN7Service14filterProfesorERKNSt7__cxx1112basic_stringIcSt11char_traitsIcESaIcEEE called 3 returned 100% blocks executed 62%
        3:   53:vector<Disciplina> Service::filterProfesor(const string& profesor) {
function _ZZN7Service14filterProfesorERKNSt7__cxx1112basic_stringIcSt11char_traitsIcESaIcEEEENKUlRK10DisciplinaE_clESA_ called 12 returned 100% blocks executed 100%
       12:   54:    return filter([profesor](const Disciplina& d) {
       12:   55:        return d.getProfesor() == profesor;
       12:   55-block  0
call    0 returned 12
call    1 returned 12
call    2 returned 12
        3:   56:    });
        3:   56-block  0
call    0 returned 3
call    1 returned 3
branch  2 taken 3 (fallthrough)
branch  3 taken 0 (throw)
        3:   56-block  1
call    4 returned 3
branch  5 taken 3 (fallthrough)
branch  6 taken 0 (throw)
        3:   56-block  2
call    7 returned 3
call    8 returned 3
        3:   56-block  3
    $$$$$:   56-block  4
call    9 never executed
    $$$$$:   56-block  5
    $$$$$:   56-block  6
call   10 never executed
        -:   57:}
        -:   58:
function _ZN7Service11generalSortEPFbRK10DisciplinaS2_E called 3 returned 100% blocks executed 79%
        3:   59:vector<Disciplina> Service::generalSort(bool(*fct)(const Disciplina&, const Disciplina&)) {
        3:   60:    vector<Disciplina> rez;
        3:   60-block  0
call    0 returned 3
        3:   61:    vector<Disciplina> all = repo.getAll();
call    0 returned 3
call    1 returned 3
branch  2 taken 3 (fallthrough)
branch  3 taken 0 (throw)
        3:   62:    std::copy(all.begin(), all.end(), std::back_inserter(rez)); // fac o copie
        3:   62-block  0
call    0 returned 3
branch  1 taken 3 (fallthrough)
branch  2 taken 0 (throw)
        3:   62-block  1
call    3 returned 3
call    4 returned 3
call    5 returned 3
branch  6 taken 3 (fallthrough)
branch  7 taken 0 (throw)
        3:   63:    sort(rez.begin(), rez.end(), fct);
        3:   63-block  0
call    0 returned 3
call    1 returned 3
call    2 returned 3
branch  3 taken 3 (fallthrough)
branch  4 taken 0 (throw)
        6:   64:    return rez;
        3:   64-block  0
        3:   64-block  1
        3:   65:}
        3:   65-block  0
call    0 returned 3
    $$$$$:   65-block  1
call    1 never executed
    $$$$$:   65-block  2
call    2 never executed
        -:   66:
function _ZN7Service14sortByDenumireEv called 1 returned 100% blocks executed 100%
        1:   67:vector<Disciplina> Service::sortByDenumire(){
        1:   68:    return generalSort(Disciplina::cmpDenumire);
        1:   68-block  0
call    0 returned 1
        -:   69:}
        -:   70:
function _ZN7Service11sortByNrOreEv called 1 returned 100% blocks executed 100%
        1:   71:vector<Disciplina> Service::sortByNrOre(){
        1:   72:    return generalSort(Disciplina::cmpNrOre);
        1:   72-block  0
call    0 returned 1
        -:   73:}
        -:   74:
function _ZN7Service17sortByTipProfesorEv called 1 returned 100% blocks executed 100%
        1:   75:vector<Disciplina> Service::sortByTipProfesor() {
function _ZZN7Service17sortByTipProfesorEvENKUlRK10DisciplinaS2_E_clES2_S2_ called 7 returned 100% blocks executed 71%
        7:   76:    return generalSort([](const Disciplina& d1, const Disciplina& d2) {
        7:   77:        if (d1.getTip() == d2.getTip()) {
        7:   77-block  0
call    0 returned 7
call    1 returned 7
branch  2 taken 7 (fallthrough)
branch  3 taken 0 (throw)
        7:   77-block  1
call    4 returned 7
call    5 returned 7
call    6 returned 7
branch  7 taken 2 (fallthrough)
branch  8 taken 5
    $$$$$:   77-block  2
call    9 never executed
    $$$$$:   77-block  3
call   10 never executed
        2:   78:            return d1.getProfesor() < d2.getProfesor();
        2:   78-block  0
call    0 returned 2
call    1 returned 2
branch  2 taken 2 (fallthrough)
branch  3 taken 0 (throw)
        2:   78-block  1
call    4 returned 2
call    5 returned 2
call    6 returned 2
    $$$$$:   78-block  2
call    7 never executed
    $$$$$:   78-block  3
call    8 never executed
        -:   79:        }
        5:   80:        return d1.getTip() < d2.getTip();
        5:   80-block  0
call    0 returned 5
call    1 returned 5
branch  2 taken 5 (fallthrough)
branch  3 taken 0 (throw)
        5:   80-block  1
call    4 returned 5
call    5 returned 5
call    6 returned 5
    $$$$$:   80-block  2
call    7 never executed
        1:   81:    });
        1:   81-block  0
call    0 returned 1
call    1 returned 1
branch  2 taken 1 (fallthrough)
branch  3 taken 0 (throw)
        1:   81-block  1
        1:   81-block  2
        -:   82:}
        -:   83:
function _ZN7Service20addToContractServiceERKSt6vectorINSt7__cxx1112basic_stringIcSt11char_traitsIcESaIcEEESaIS6_EE called 1 returned 100% blocks executed 75%
        1:   84:void Service::addToContractService(const vector<std::string>& denumiri) {
        1:   85:    auto all = repo.getAll();
        1:   85-block  0
call    0 returned 1
call    1 returned 1
branch  2 taken 1 (fallthrough)
branch  3 taken 0 (throw)
        5:   86:    for (const auto& i: denumiri){
        1:   86-block  0
call    0 returned 1
call    1 returned 1
        4:   86-block  1
call    2 returned 4
        4:   86-block  2
call    3 returned 4
        5:   86-block  3
call    4 returned 5
branch  5 taken 4
branch  6 taken 1 (fallthrough)
function _ZZN7Service20addToContractServiceERKSt6vectorINSt7__cxx1112basic_stringIcSt11char_traitsIcESaIcEEESaIS6_EEENKUlRK10DisciplinaE_clESD_ called 11 returned 100% blocks executed 100%
        4:   87:        auto it = std::find_if(all.begin(), all.end(), [i] (const Disciplina& d) {
call    0 returned 4
branch  1 taken 4 (fallthrough)
branch  2 taken 0 (throw)
        4:   87-block  0
call    3 returned 4
call    4 returned 4
call    5 returned 4
branch  6 taken 4 (fallthrough)
branch  7 taken 0 (throw)
        4:   87-block  1
call    8 returned 4
    $$$$$:   87-block  2
call    9 never executed
    $$$$$:   87-block  3
       11:   88:            return i == d.getDenumire();
       11:   88-block  0
call    0 returned 11
call    1 returned 11
call    2 returned 11
        -:   89:        });
        4:   90:        if(it != all.end()){
call    0 returned 4
call    1 returned 4
branch  2 taken 4 (fallthrough)
branch  3 taken 0
        4:   91:            contract.addToContract(*it);
        4:   91-block  0
call    0 returned 4
call    1 returned 4
branch  2 taken 4 (fallthrough)
branch  3 taken 0 (throw)
        -:   92:        }
        -:   93:    }
        1:   94:}
        1:   94-block  0
call    0 returned 1
    $$$$$:   94-block  1
call    1 never executed
        -:   95:
function _ZN7Service20emptyContractServiceEv called 1 returned 100% blocks executed 100%
        1:   96:void Service::emptyContractService() {
        1:   97:    contract.emptyContract();
        1:   97-block  0
call    0 returned 1
        1:   98:}
        -:   99:
function _ZN7Service35getAllDisciplineFromContractServiceEv called 4 returned 100% blocks executed 100%
        4:  100:vector<Disciplina> Service::getAllDisciplineFromContractService() {
        4:  101:    return contract.getAll();
        4:  101-block  0
call    0 returned 4
call    1 returned 4
        -:  102:}
        -:  103:
function _ZN7Service29generateRandomContractServiceEi called 1 returned 100% blocks executed 100%
        1:  104:void Service::generateRandomContractService(int nrDiscipline) {
        1:  105:    contract.generateContract(nrDiscipline, repo.getAll());
        1:  105-block  0
call    0 returned 1
call    1 returned 1
        1:  106:}
        -:  107:
function _ZN7Service20nrDisciplineContractEv called 5 returned 100% blocks executed 100%
        5:  108:int Service::nrDisciplineContract() {
        5:  109:    return int(contract.getAll().size());
        5:  109-block  0
call    0 returned 5
call    1 returned 5
        -:  110:}
        -:  111:
function _ZN7Service30exportContractToFileCSVServiceERKNSt7__cxx1112basic_stringIcSt11char_traitsIcESaIcEEE called 2 returned 50% blocks executed 100%
        2:  112:void Service::exportContractToFileCSVService(const string& fileName) {
        2:  113:    contract.exportContractToFileCSV(fileName);
        2:  113-block  0
call    0 returned 1
        1:  114:}
        -:  115:
function _ZN7Service31exportContractToFileHTMLServiceERKNSt7__cxx1112basic_stringIcSt11char_traitsIcESaIcEEE called 2 returned 50% blocks executed 100%
        2:  116:void Service::exportContractToFileHTMLService(const string& fileName) {
        2:  117:    contract.exportContractToFileHTML(fileName);
        2:  117-block  0
call    0 returned 1
        1:  118:}
        -:  119:
function _ZN7Service8funcNouaB5cxx11Ev called 1 returned 100% blocks executed 68%
        1:  120:map<string, int> Service::funcNoua() { /// pt labul 8 (create map)
        1:  121:    map<string, int> rez;
        1:  121-block  0
call    0 returned 1
        1:  122:    vector<Disciplina> all = repo.getAll();
call    0 returned 1
call    1 returned 1
branch  2 taken 1 (fallthrough)
branch  3 taken 0 (throw)
        4:  123:    for(const auto& d: all) {
        1:  123-block  0
call    0 returned 1
call    1 returned 1
        3:  123-block  1
call    2 returned 3
        4:  123-block  2
call    3 returned 4
branch  4 taken 3
branch  5 taken 1 (fallthrough)
        3:  124:        rez[d.getTip()] += 1;
call    0 returned 3
branch  1 taken 3 (fallthrough)
branch  2 taken 0 (throw)
        3:  124-block  0
call    3 returned 3
branch  4 taken 3 (fallthrough)
branch  5 taken 0 (throw)
        3:  124-block  1
call    6 returned 3
call    7 returned 3
    $$$$$:  124-block  2
call    8 never executed
    $$$$$:  124-block  3
        -:  125:    }
        2:  126:    return rez;
        1:  126-block  0
        1:  126-block  1
        1:  127:}
        1:  127-block  0
call    0 returned 1
    $$$$$:  127-block  1
call    1 never executed
    $$$$$:  127-block  2
call    2 never executed
        -:  128:
function _ZN7Service11undoServiceEv called 4 returned 75% blocks executed 79%
        4:  129:void Service::undoService() {
        4:  130:    if (undoActions.empty()){
        4:  130-block  0
call    0 returned 4
branch  1 taken 1 (fallthrough)
branch  2 taken 3
        1:  131:        throw ServiceException("Nu se mai poate da undo!\n");
        1:  131-block  0
call    0 returned 1
call    1 returned 1
call    2 returned 1
branch  3 taken 1 (fallthrough)
branch  4 taken 0 (throw)
        1:  131-block  1
call    5 returned 1
call    6 returned 1
call    7 returned 1
call    8 returned 0
    $$$$$:  131-block  2
call    9 never executed
    $$$$$:  131-block  3
    $$$$$:  131-block  4
call   10 never executed
        -:  132:    }
        3:  133:    undoActions.back()->doUndo();
        3:  133-block  0
call    0 returned 3
call    1 returned 3
call    2 returned 3
        3:  134:    undoActions.pop_back();
call    0 returned 3
        3:  135:}
