        -:    0:Source:C:/Users/EMANUEL/Desktop/OOP/Laborator_8_9/tests.cpp
        -:    0:Graph:C:\Users\EMANUEL\Desktop\OOP\Laborator_8_9\cmake-build-debug-coverage\CMakeFiles\Laborator_8_9.dir\tests.cpp.gcno
        -:    0:Data:C:\Users\EMANUEL\Desktop\OOP\Laborator_8_9\cmake-build-debug-coverage\CMakeFiles\Laborator_8_9.dir\tests.cpp.gcda
        -:    0:Runs:1
        -:    1:#include "tests.h"
        -:    2:
        -:    3:using std::cout;
        -:    4:
function _ZN5Tests11runAllTesteEv called 1 returned 100% blocks executed 100%
        1:    5:void Tests::runAllTeste() {
        1:    6:    testeDomain();
        1:    6-block  0
call    0 returned 1
        1:    7:    testeRepo();
call    0 returned 1
        1:    8:    testeService();
call    0 returned 1
        1:    9:    testeValidare();
call    0 returned 1
        1:   10:    testeCreareContract();
call    0 returned 1
        1:   11:    testeUndo();
call    0 returned 1
        1:   12:    cout << "Tests passed!\n\n";
call    0 returned 1
        1:   13:}
        -:   14:
function _ZN5Tests11testeDomainEv called 1 returned 100% blocks executed 50%
        1:   15:void Tests::testeDomain() {
        2:   16:    Disciplina d("a", 34, "a", "a");
        1:   16-block  0
call    0 returned 1
call    1 returned 1
branch  2 taken 1 (fallthrough)
branch  3 taken 0 (throw)
        1:   16-block  1
call    4 returned 1
call    5 returned 1
branch  6 taken 1 (fallthrough)
branch  7 taken 0 (throw)
        1:   16-block  2
call    8 returned 1
call    9 returned 1
branch 10 taken 1 (fallthrough)
branch 11 taken 0 (throw)
        1:   16-block  3
call   12 returned 1
call   13 returned 1
call   14 returned 1
call   15 returned 1
call   16 returned 1
call   17 returned 1
    $$$$$:   16-block  4
    $$$$$:   16-block  5
    $$$$$:   16-block  6
    $$$$$:   16-block  7
    $$$$$:   16-block  8
       1*:   17:    assert(d.getDenumire() == "a");
call    0 returned 1
branch  1 taken 1 (fallthrough)
branch  2 taken 0 (throw)
        1:   17-block  0
call    3 returned 1
branch  4 taken 0 (fallthrough)
branch  5 taken 1
    %%%%%:   17-block  1
call    6 never executed
branch  7 never executed
branch  8 never executed
        1:   17-block  2
    %%%%%:   17-block  3
        1:   17-block  4
branch  9 taken 1 (fallthrough)
branch 10 taken 0
        1:   17-block  5
call   11 returned 1
    $$$$$:   17-block  6
branch 12 never executed
branch 13 never executed
    $$$$$:   17-block  7
call   14 never executed
    $$$$$:   17-block  8
       1*:   18:    assert(d.getOrePeSaptamana() == 34);
        1:   18-block  0
call    0 returned 1
branch  1 taken 1 (fallthrough)
branch  2 taken 0 (throw)
        1:   18-block  1
branch  3 taken 0 (fallthrough)
branch  4 taken 1
    %%%%%:   18-block  2
call    5 never executed
branch  6 never executed
branch  7 never executed
        1:   18-block  3
    %%%%%:   18-block  4
       1*:   19:    assert(d.getTip() == "a");
        1:   19-block  0
call    0 returned 1
branch  1 taken 1 (fallthrough)
branch  2 taken 0 (throw)
        1:   19-block  1
call    3 returned 1
branch  4 taken 0 (fallthrough)
branch  5 taken 1
    %%%%%:   19-block  2
call    6 never executed
branch  7 never executed
branch  8 never executed
        1:   19-block  3
    %%%%%:   19-block  4
        1:   19-block  5
branch  9 taken 1 (fallthrough)
branch 10 taken 0
        1:   19-block  6
call   11 returned 1
    $$$$$:   19-block  7
branch 12 never executed
branch 13 never executed
    $$$$$:   19-block  8
call   14 never executed
    $$$$$:   19-block  9
       1*:   20:    assert(d.getProfesor() == "a");
        1:   20-block  0
call    0 returned 1
branch  1 taken 1 (fallthrough)
branch  2 taken 0 (throw)
        1:   20-block  1
call    3 returned 1
branch  4 taken 0 (fallthrough)
branch  5 taken 1
    %%%%%:   20-block  2
call    6 never executed
branch  7 never executed
branch  8 never executed
        1:   20-block  3
    %%%%%:   20-block  4
        1:   20-block  5
branch  9 taken 1 (fallthrough)
branch 10 taken 0
        1:   20-block  6
call   11 returned 1
    $$$$$:   20-block  7
branch 12 never executed
branch 13 never executed
    $$$$$:   20-block  8
call   14 never executed
    $$$$$:   20-block  9
        -:   21:
        1:   22:    d.setDenumire("b");
        1:   22-block  0
call    0 returned 1
call    1 returned 1
branch  2 taken 1 (fallthrough)
branch  3 taken 0 (throw)
        1:   22-block  1
call    4 returned 1
branch  5 taken 1 (fallthrough)
branch  6 taken 0 (throw)
        1:   22-block  2
call    7 returned 1
call    8 returned 1
    $$$$$:   22-block  3
call    9 never executed
    $$$$$:   22-block  4
    $$$$$:   22-block  5
call   10 never executed
    $$$$$:   22-block  6
       1*:   23:    assert(d.getDenumire() == "b");
call    0 returned 1
branch  1 taken 1 (fallthrough)
branch  2 taken 0 (throw)
        1:   23-block  0
call    3 returned 1
branch  4 taken 0 (fallthrough)
branch  5 taken 1
    %%%%%:   23-block  1
call    6 never executed
branch  7 never executed
branch  8 never executed
        1:   23-block  2
    %%%%%:   23-block  3
        1:   23-block  4
branch  9 taken 1 (fallthrough)
branch 10 taken 0
        1:   23-block  5
call   11 returned 1
    $$$$$:   23-block  6
branch 12 never executed
branch 13 never executed
    $$$$$:   23-block  7
call   14 never executed
    $$$$$:   23-block  8
        -:   24:
        1:   25:    d.setOrePeSaptamana(12);
        1:   25-block  0
call    0 returned 1
branch  1 taken 1 (fallthrough)
branch  2 taken 0 (throw)
       1*:   26:    assert(d.getOrePeSaptamana() == 12);
        1:   26-block  0
call    0 returned 1
branch  1 taken 1 (fallthrough)
branch  2 taken 0 (throw)
        1:   26-block  1
branch  3 taken 0 (fallthrough)
branch  4 taken 1
    %%%%%:   26-block  2
call    5 never executed
branch  6 never executed
branch  7 never executed
        1:   26-block  3
    %%%%%:   26-block  4
        -:   27:
        1:   28:    d.setTip("b");
        1:   28-block  0
call    0 returned 1
call    1 returned 1
branch  2 taken 1 (fallthrough)
branch  3 taken 0 (throw)
        1:   28-block  1
call    4 returned 1
branch  5 taken 1 (fallthrough)
branch  6 taken 0 (throw)
        1:   28-block  2
call    7 returned 1
call    8 returned 1
    $$$$$:   28-block  3
call    9 never executed
    $$$$$:   28-block  4
    $$$$$:   28-block  5
call   10 never executed
    $$$$$:   28-block  6
       1*:   29:    assert(d.getTip() == "b");
call    0 returned 1
branch  1 taken 1 (fallthrough)
branch  2 taken 0 (throw)
        1:   29-block  0
call    3 returned 1
branch  4 taken 0 (fallthrough)
branch  5 taken 1
    %%%%%:   29-block  1
call    6 never executed
branch  7 never executed
branch  8 never executed
        1:   29-block  2
    %%%%%:   29-block  3
        1:   29-block  4
branch  9 taken 1 (fallthrough)
branch 10 taken 0
        1:   29-block  5
call   11 returned 1
    $$$$$:   29-block  6
branch 12 never executed
branch 13 never executed
    $$$$$:   29-block  7
call   14 never executed
    $$$$$:   29-block  8
        -:   30:
        1:   31:    d.setProfesor("b");
        1:   31-block  0
call    0 returned 1
call    1 returned 1
branch  2 taken 1 (fallthrough)
branch  3 taken 0 (throw)
        1:   31-block  1
call    4 returned 1
branch  5 taken 1 (fallthrough)
branch  6 taken 0 (throw)
        1:   31-block  2
call    7 returned 1
call    8 returned 1
    $$$$$:   31-block  3
call    9 never executed
    $$$$$:   31-block  4
    $$$$$:   31-block  5
call   10 never executed
    $$$$$:   31-block  6
       1*:   32:    assert(d.getProfesor() == "b");
call    0 returned 1
branch  1 taken 1 (fallthrough)
branch  2 taken 0 (throw)
        1:   32-block  0
call    3 returned 1
branch  4 taken 0 (fallthrough)
branch  5 taken 1
    %%%%%:   32-block  1
call    6 never executed
branch  7 never executed
branch  8 never executed
        1:   32-block  2
    %%%%%:   32-block  3
        1:   32-block  4
branch  9 taken 1 (fallthrough)
branch 10 taken 0
        1:   32-block  5
call   11 returned 1
    $$$$$:   32-block  6
branch 12 never executed
branch 13 never executed
    $$$$$:   32-block  7
call   14 never executed
    $$$$$:   32-block  8
        1:   33:}
        1:   33-block  0
call    0 returned 1
    $$$$$:   33-block  1
call    1 never executed
        -:   34:
function _ZN5Tests9testeRepoEv called 1 returned 100% blocks executed 54%
        1:   35:void Tests::testeRepo() {
        1:   36:    Repo repo;
        1:   36-block  0
call    0 returned 1
        2:   37:    Disciplina d("a", 20, "b", "c");
call    0 returned 1
call    1 returned 1
branch  2 taken 1 (fallthrough)
branch  3 taken 0 (throw)
        1:   37-block  0
call    4 returned 1
call    5 returned 1
branch  6 taken 1 (fallthrough)
branch  7 taken 0 (throw)
        1:   37-block  1
call    8 returned 1
call    9 returned 1
branch 10 taken 1 (fallthrough)
branch 11 taken 0 (throw)
        1:   37-block  2
call   12 returned 1
call   13 returned 1
call   14 returned 1
call   15 returned 1
call   16 returned 1
call   17 returned 1
    $$$$$:   37-block  3
    $$$$$:   37-block  4
    $$$$$:   37-block  5
    $$$$$:   37-block  6
    $$$$$:   37-block  7
        1:   38:    repo.addRepo(d);
call    0 returned 1
branch  1 taken 1 (fallthrough)
branch  2 taken 0 (throw)
        1:   39:    const auto& discipline = repo.getAll();
        1:   39-block  0
call    0 returned 1
       1*:   40:    assert(discipline.size() == 1);
call    0 returned 1
branch  1 taken 0 (fallthrough)
branch  2 taken 1
    %%%%%:   40-block  0
call    3 never executed
branch  4 never executed
branch  5 never executed
        1:   40-block  1
    %%%%%:   40-block  2
        -:   41:
        -:   42:    try {
        1:   43:        repo.addRepo(d);
        1:   43-block  0
call    0 returned 1
branch  1 taken 0 (fallthrough)
branch  2 taken 1 (throw)
    #####:   44:        assert(false);
    %%%%%:   44-block  0
call    0 never executed
branch  1 never executed
branch  2 never executed
        1:   45:    }catch(RepoException &e){
        1:   45-block  0
branch  0 taken 0 (fallthrough)
branch  1 taken 1
        1:   45-block  1
call    2 returned 1
        -:   46:        assert(true);
        1:   47:    }
call    0 returned 1
branch  1 taken 1 (fallthrough)
branch  2 taken 0 (throw)
        1:   48:}
        1:   48-block  0
call    0 returned 1
call    1 returned 1
    $$$$$:   48-block  1
call    2 never executed
    $$$$$:   48-block  2
call    3 never executed
        -:   49:
function _ZN5Tests12testeServiceEv called 1 returned 100% blocks executed 49%
        1:   50:void Tests::testeService() {
        2:   51:    RepoFile repo("dateTest.txt");
        1:   51-block  0
call    0 returned 1
call    1 returned 1
branch  2 taken 1 (fallthrough)
branch  3 taken 0 (throw)
        1:   51-block  1
call    4 returned 1
call    5 returned 1
    $$$$$:   51-block  2
        1:   52:    Contract contract;
call    0 returned 1
        1:   53:    Service service(repo, contract);
call    0 returned 1
        -:   54:
        -:   55:    /// adaugare
        1:   56:    service.addService("a", 20, "a", "a");
call    0 returned 1
call    1 returned 1
branch  2 taken 1 (fallthrough)
branch  3 taken 0 (throw)
        1:   56-block  0
call    4 returned 1
call    5 returned 1
branch  6 taken 1 (fallthrough)
branch  7 taken 0 (throw)
        1:   56-block  1
call    8 returned 1
call    9 returned 1
branch 10 taken 1 (fallthrough)
branch 11 taken 0 (throw)
        1:   56-block  2
call   12 returned 1
branch 13 taken 1 (fallthrough)
branch 14 taken 0 (throw)
        1:   56-block  3
call   15 returned 1
call   16 returned 1
call   17 returned 1
call   18 returned 1
call   19 returned 1
call   20 returned 1
    $$$$$:   56-block  4
call   21 never executed
    $$$$$:   56-block  5
    $$$$$:   56-block  6
call   22 never executed
    $$$$$:   56-block  7
    $$$$$:   56-block  8
call   23 never executed
    $$$$$:   56-block  9
    $$$$$:   56-block 10
call   24 never executed
    $$$$$:   56-block 11
    $$$$$:   56-block 12
call   25 never executed
    $$$$$:   56-block 13
    $$$$$:   56-block 14
call   26 never executed
    $$$$$:   56-block 15
       1*:   57:    assert(service.getAll().size() == 1);
call    0 returned 1
branch  1 taken 1 (fallthrough)
branch  2 taken 0 (throw)
        1:   57-block  0
call    3 returned 1
branch  4 taken 0 (fallthrough)
branch  5 taken 1
    %%%%%:   57-block  1
call    6 never executed
branch  7 never executed
branch  8 never executed
        1:   57-block  2
    %%%%%:   57-block  3
        1:   57-block  4
branch  9 taken 1 (fallthrough)
branch 10 taken 0
        1:   57-block  5
call   11 returned 1
    $$$$$:   57-block  6
branch 12 never executed
branch 13 never executed
    $$$$$:   57-block  7
call   14 never executed
    $$$$$:   57-block  8
        -:   58:
        1:   59:    service.addService("b", 21, "b", "b");
        1:   59-block  0
call    0 returned 1
call    1 returned 1
branch  2 taken 1 (fallthrough)
branch  3 taken 0 (throw)
        1:   59-block  1
call    4 returned 1
call    5 returned 1
branch  6 taken 1 (fallthrough)
branch  7 taken 0 (throw)
        1:   59-block  2
call    8 returned 1
call    9 returned 1
branch 10 taken 1 (fallthrough)
branch 11 taken 0 (throw)
        1:   59-block  3
call   12 returned 1
branch 13 taken 1 (fallthrough)
branch 14 taken 0 (throw)
        1:   59-block  4
call   15 returned 1
call   16 returned 1
call   17 returned 1
call   18 returned 1
call   19 returned 1
call   20 returned 1
    $$$$$:   59-block  5
call   21 never executed
    $$$$$:   59-block  6
    $$$$$:   59-block  7
call   22 never executed
    $$$$$:   59-block  8
    $$$$$:   59-block  9
call   23 never executed
    $$$$$:   59-block 10
    $$$$$:   59-block 11
call   24 never executed
    $$$$$:   59-block 12
    $$$$$:   59-block 13
call   25 never executed
    $$$$$:   59-block 14
    $$$$$:   59-block 15
call   26 never executed
    $$$$$:   59-block 16
       1*:   60:    assert(service.getAll().size() == 2);
call    0 returned 1
branch  1 taken 1 (fallthrough)
branch  2 taken 0 (throw)
        1:   60-block  0
call    3 returned 1
branch  4 taken 0 (fallthrough)
branch  5 taken 1
    %%%%%:   60-block  1
call    6 never executed
branch  7 never executed
branch  8 never executed
        1:   60-block  2
    %%%%%:   60-block  3
        1:   60-block  4
branch  9 taken 1 (fallthrough)
branch 10 taken 0
        1:   60-block  5
call   11 returned 1
    $$$$$:   60-block  6
branch 12 never executed
branch 13 never executed
    $$$$$:   60-block  7
call   14 never executed
    $$$$$:   60-block  8
        -:   61:
        1:   62:    service.addService("c", 11, "c", "c");
        1:   62-block  0
call    0 returned 1
call    1 returned 1
branch  2 taken 1 (fallthrough)
branch  3 taken 0 (throw)
        1:   62-block  1
call    4 returned 1
call    5 returned 1
branch  6 taken 1 (fallthrough)
branch  7 taken 0 (throw)
        1:   62-block  2
call    8 returned 1
call    9 returned 1
branch 10 taken 1 (fallthrough)
branch 11 taken 0 (throw)
        1:   62-block  3
call   12 returned 1
branch 13 taken 1 (fallthrough)
branch 14 taken 0 (throw)
        1:   62-block  4
call   15 returned 1
call   16 returned 1
call   17 returned 1
call   18 returned 1
call   19 returned 1
call   20 returned 1
    $$$$$:   62-block  5
call   21 never executed
    $$$$$:   62-block  6
    $$$$$:   62-block  7
call   22 never executed
    $$$$$:   62-block  8
    $$$$$:   62-block  9
call   23 never executed
    $$$$$:   62-block 10
    $$$$$:   62-block 11
call   24 never executed
    $$$$$:   62-block 12
    $$$$$:   62-block 13
call   25 never executed
    $$$$$:   62-block 14
    $$$$$:   62-block 15
call   26 never executed
    $$$$$:   62-block 16
       1*:   63:    assert(service.getAll().size() == 3);
call    0 returned 1
branch  1 taken 1 (fallthrough)
branch  2 taken 0 (throw)
        1:   63-block  0
call    3 returned 1
branch  4 taken 0 (fallthrough)
branch  5 taken 1
    %%%%%:   63-block  1
call    6 never executed
branch  7 never executed
branch  8 never executed
        1:   63-block  2
    %%%%%:   63-block  3
        1:   63-block  4
branch  9 taken 1 (fallthrough)
branch 10 taken 0
        1:   63-block  5
call   11 returned 1
    $$$$$:   63-block  6
branch 12 never executed
branch 13 never executed
    $$$$$:   63-block  7
call   14 never executed
    $$$$$:   63-block  8
        -:   64:    /// adaugare
        -:   65:
        -:   66:    /// funcNoua (createMap lab 8)
        1:   67:    auto map = service.funcNoua();
        1:   67-block  0
call    0 returned 1
branch  1 taken 1 (fallthrough)
branch  2 taken 0 (throw)
       1*:   68:    assert(map["a"] == 1);
        1:   68-block  0
call    0 returned 1
call    1 returned 1
branch  2 taken 1 (fallthrough)
branch  3 taken 0 (throw)
        1:   68-block  1
call    4 returned 1
branch  5 taken 1 (fallthrough)
branch  6 taken 0 (throw)
        1:   68-block  2
branch  7 taken 0 (fallthrough)
branch  8 taken 1
    %%%%%:   68-block  3
call    9 never executed
branch 10 never executed
branch 11 never executed
        1:   68-block  4
    %%%%%:   68-block  5
        1:   68-block  6
branch 12 taken 1 (fallthrough)
branch 13 taken 0
        1:   68-block  7
call   14 returned 1
        1:   68-block  8
branch 15 taken 1 (fallthrough)
branch 16 taken 0
        1:   68-block  9
call   17 returned 1
    $$$$$:   68-block 10
branch 18 never executed
branch 19 never executed
    $$$$$:   68-block 11
call   20 never executed
    $$$$$:   68-block 12
    $$$$$:   68-block 13
branch 21 never executed
branch 22 never executed
    $$$$$:   68-block 14
call   23 never executed
    $$$$$:   68-block 15
        -:   69:    /// funcNoua (createMap lab 8)
        -:   70:
        -:   71:    /// stergere
        1:   72:    service.deleteService("b");
        1:   72-block  0
call    0 returned 1
call    1 returned 1
branch  2 taken 1 (fallthrough)
branch  3 taken 0 (throw)
        1:   72-block  1
call    4 returned 1
branch  5 taken 1 (fallthrough)
branch  6 taken 0 (throw)
        1:   72-block  2
call    7 returned 1
call    8 returned 1
    $$$$$:   72-block  3
call    9 never executed
    $$$$$:   72-block  4
    $$$$$:   72-block  5
call   10 never executed
    $$$$$:   72-block  6
       1*:   73:    assert(service.getAll().size() == 2);
call    0 returned 1
branch  1 taken 1 (fallthrough)
branch  2 taken 0 (throw)
        1:   73-block  0
call    3 returned 1
branch  4 taken 0 (fallthrough)
branch  5 taken 1
    %%%%%:   73-block  1
call    6 never executed
branch  7 never executed
branch  8 never executed
        1:   73-block  2
    %%%%%:   73-block  3
        1:   73-block  4
branch  9 taken 1 (fallthrough)
branch 10 taken 0
        1:   73-block  5
call   11 returned 1
    $$$$$:   73-block  6
branch 12 never executed
branch 13 never executed
    $$$$$:   73-block  7
call   14 never executed
    $$$$$:   73-block  8
        -:   74:
        1:   75:    service.deleteService("a");
        1:   75-block  0
call    0 returned 1
call    1 returned 1
branch  2 taken 1 (fallthrough)
branch  3 taken 0 (throw)
        1:   75-block  1
call    4 returned 1
branch  5 taken 1 (fallthrough)
branch  6 taken 0 (throw)
        1:   75-block  2
call    7 returned 1
call    8 returned 1
    $$$$$:   75-block  3
call    9 never executed
    $$$$$:   75-block  4
    $$$$$:   75-block  5
call   10 never executed
    $$$$$:   75-block  6
       1*:   76:    assert(service.getAll().size() == 1);
call    0 returned 1
branch  1 taken 1 (fallthrough)
branch  2 taken 0 (throw)
        1:   76-block  0
call    3 returned 1
branch  4 taken 0 (fallthrough)
branch  5 taken 1
    %%%%%:   76-block  1
call    6 never executed
branch  7 never executed
branch  8 never executed
        1:   76-block  2
    %%%%%:   76-block  3
        1:   76-block  4
branch  9 taken 1 (fallthrough)
branch 10 taken 0
        1:   76-block  5
call   11 returned 1
    $$$$$:   76-block  6
branch 12 never executed
branch 13 never executed
    $$$$$:   76-block  7
call   14 never executed
    $$$$$:   76-block  8
        -:   77:
        1:   78:    service.deleteService("c");
        1:   78-block  0
call    0 returned 1
call    1 returned 1
branch  2 taken 1 (fallthrough)
branch  3 taken 0 (throw)
        1:   78-block  1
call    4 returned 1
branch  5 taken 1 (fallthrough)
branch  6 taken 0 (throw)
        1:   78-block  2
call    7 returned 1
call    8 returned 1
    $$$$$:   78-block  3
call    9 never executed
    $$$$$:   78-block  4
    $$$$$:   78-block  5
call   10 never executed
    $$$$$:   78-block  6
       1*:   79:    assert(service.getAll().empty() == true);
call    0 returned 1
branch  1 taken 1 (fallthrough)
branch  2 taken 0 (throw)
        1:   79-block  0
call    3 returned 1
branch  4 taken 0 (fallthrough)
branch  5 taken 1
    %%%%%:   79-block  1
call    6 never executed
branch  7 never executed
branch  8 never executed
        1:   79-block  2
    %%%%%:   79-block  3
        1:   79-block  4
branch  9 taken 1 (fallthrough)
branch 10 taken 0
        1:   79-block  5
call   11 returned 1
    $$$$$:   79-block  6
branch 12 never executed
branch 13 never executed
    $$$$$:   79-block  7
call   14 never executed
    $$$$$:   79-block  8
        -:   80:
        -:   81:    try {
       3*:   82:        service.deleteService("d");
        1:   82-block  0
call    0 returned 1
call    1 returned 1
branch  2 taken 1 (fallthrough)
branch  3 taken 0 (throw)
        1:   82-block  1
call    4 returned 1
branch  5 taken 0 (fallthrough)
branch  6 taken 1 (throw)
    %%%%%:   82-block  2
call    7 never executed
call    8 never executed
        1:   82-block  3
call    9 returned 1
        1:   82-block  4
        1:   82-block  5
call   10 returned 1
        1:   82-block  6
    #####:   83:        assert(false);
call    0 never executed
branch  1 never executed
branch  2 never executed
        1:   84:    }catch(RepoException &ex){
        1:   84-block  0
branch  0 taken 0 (fallthrough)
branch  1 taken 1
        1:   84-block  1
call    2 returned 1
        1:   85:        assert(ex.getMesaj() == "Disciplina inexistenta!\n");
call    0 returned 1
branch  1 taken 1 (fallthrough)
branch  2 taken 0 (throw)
        1:   85-block  0
call    3 returned 1
branch  4 taken 0 (fallthrough)
branch  5 taken 1
    $$$$$:   85-block  1
call    6 never executed
branch  7 never executed
branch  8 never executed
        1:   85-block  2
    $$$$$:   85-block  3
        1:   85-block  4
branch  9 taken 1 (fallthrough)
branch 10 taken 0
        1:   85-block  5
call   11 returned 1
    $$$$$:   85-block  6
branch 12 never executed
branch 13 never executed
    $$$$$:   85-block  7
call   14 never executed
    $$$$$:   85-block  8
        1:   86:    }
        1:   86-block  0
call    0 returned 1
branch  1 taken 1 (fallthrough)
branch  2 taken 0 (throw)
    $$$$$:   86-block  1
call    3 never executed
        -:   87:    /// stergere
        -:   88:
        -:   89:    /// modificare aka update
        1:   90:    service.addService("a", 20, "a", "a");
        1:   90-block  0
call    0 returned 1
call    1 returned 1
branch  2 taken 1 (fallthrough)
branch  3 taken 0 (throw)
        1:   90-block  1
call    4 returned 1
call    5 returned 1
branch  6 taken 1 (fallthrough)
branch  7 taken 0 (throw)
        1:   90-block  2
call    8 returned 1
call    9 returned 1
branch 10 taken 1 (fallthrough)
branch 11 taken 0 (throw)
        1:   90-block  3
call   12 returned 1
branch 13 taken 1 (fallthrough)
branch 14 taken 0 (throw)
        1:   90-block  4
call   15 returned 1
call   16 returned 1
call   17 returned 1
call   18 returned 1
call   19 returned 1
call   20 returned 1
    $$$$$:   90-block  5
call   21 never executed
    $$$$$:   90-block  6
    $$$$$:   90-block  7
call   22 never executed
    $$$$$:   90-block  8
    $$$$$:   90-block  9
call   23 never executed
    $$$$$:   90-block 10
    $$$$$:   90-block 11
call   24 never executed
    $$$$$:   90-block 12
    $$$$$:   90-block 13
call   25 never executed
    $$$$$:   90-block 14
    $$$$$:   90-block 15
call   26 never executed
    $$$$$:   90-block 16
       1*:   91:    assert(service.getAll().size() == 1);
call    0 returned 1
branch  1 taken 1 (fallthrough)
branch  2 taken 0 (throw)
        1:   91-block  0
call    3 returned 1
branch  4 taken 0 (fallthrough)
branch  5 taken 1
    %%%%%:   91-block  1
call    6 never executed
branch  7 never executed
branch  8 never executed
        1:   91-block  2
    %%%%%:   91-block  3
        1:   91-block  4
branch  9 taken 1 (fallthrough)
branch 10 taken 0
        1:   91-block  5
call   11 returned 1
    $$$$$:   91-block  6
branch 12 never executed
branch 13 never executed
    $$$$$:   91-block  7
call   14 never executed
    $$$$$:   91-block  8
        -:   92:
        1:   93:    service.updateService("a", "c", 2, "c", "c");
        1:   93-block  0
call    0 returned 1
call    1 returned 1
branch  2 taken 1 (fallthrough)
branch  3 taken 0 (throw)
        1:   93-block  1
call    4 returned 1
call    5 returned 1
branch  6 taken 1 (fallthrough)
branch  7 taken 0 (throw)
        1:   93-block  2
call    8 returned 1
call    9 returned 1
branch 10 taken 1 (fallthrough)
branch 11 taken 0 (throw)
        1:   93-block  3
call   12 returned 1
call   13 returned 1
branch 14 taken 1 (fallthrough)
branch 15 taken 0 (throw)
        1:   93-block  4
call   16 returned 1
branch 17 taken 1 (fallthrough)
branch 18 taken 0 (throw)
        1:   93-block  5
call   19 returned 1
call   20 returned 1
call   21 returned 1
call   22 returned 1
call   23 returned 1
call   24 returned 1
call   25 returned 1
call   26 returned 1
    $$$$$:   93-block  6
call   27 never executed
    $$$$$:   93-block  7
    $$$$$:   93-block  8
call   28 never executed
    $$$$$:   93-block  9
    $$$$$:   93-block 10
call   29 never executed
    $$$$$:   93-block 11
    $$$$$:   93-block 12
call   30 never executed
    $$$$$:   93-block 13
    $$$$$:   93-block 14
call   31 never executed
    $$$$$:   93-block 15
    $$$$$:   93-block 16
call   32 never executed
    $$$$$:   93-block 17
    $$$$$:   93-block 18
call   33 never executed
    $$$$$:   93-block 19
    $$$$$:   93-block 20
call   34 never executed
    $$$$$:   93-block 21
        -:   94:
        -:   95:    try{
       9*:   96:        service.updateService("a", "d", 12, "d", "d");
call    0 returned 1
call    1 returned 1
branch  2 taken 1 (fallthrough)
branch  3 taken 0 (throw)
        1:   96-block  0
call    4 returned 1
call    5 returned 1
branch  6 taken 1 (fallthrough)
branch  7 taken 0 (throw)
        1:   96-block  1
call    8 returned 1
call    9 returned 1
branch 10 taken 1 (fallthrough)
branch 11 taken 0 (throw)
        1:   96-block  2
call   12 returned 1
call   13 returned 1
branch 14 taken 1 (fallthrough)
branch 15 taken 0 (throw)
        1:   96-block  3
call   16 returned 1
branch 17 taken 0 (fallthrough)
branch 18 taken 1 (throw)
    %%%%%:   96-block  4
call   19 never executed
call   20 never executed
call   21 never executed
call   22 never executed
call   23 never executed
call   24 never executed
call   25 never executed
call   26 never executed
        1:   96-block  5
call   27 returned 1
        1:   96-block  6
        1:   96-block  7
call   28 returned 1
        1:   96-block  8
        1:   96-block  9
call   29 returned 1
        1:   96-block 10
        1:   96-block 11
call   30 returned 1
        1:   96-block 12
        1:   96-block 13
call   31 returned 1
        1:   96-block 14
        1:   96-block 15
call   32 returned 1
        1:   96-block 16
        1:   96-block 17
call   33 returned 1
        1:   96-block 18
        1:   96-block 19
call   34 returned 1
        1:   96-block 20
    #####:   97:        assert(false);
call    0 never executed
branch  1 never executed
branch  2 never executed
        1:   98:    }catch(RepoException &ex){
        1:   98-block  0
branch  0 taken 0 (fallthrough)
branch  1 taken 1
        1:   98-block  1
call    2 returned 1
        1:   99:        assert(ex.getMesaj() == "Disciplina inexistenta!\n");
call    0 returned 1
branch  1 taken 1 (fallthrough)
branch  2 taken 0 (throw)
        1:   99-block  0
call    3 returned 1
branch  4 taken 0 (fallthrough)
branch  5 taken 1
    $$$$$:   99-block  1
call    6 never executed
branch  7 never executed
branch  8 never executed
        1:   99-block  2
    $$$$$:   99-block  3
        1:   99-block  4
branch  9 taken 1 (fallthrough)
branch 10 taken 0
        1:   99-block  5
call   11 returned 1
    $$$$$:   99-block  6
branch 12 never executed
branch 13 never executed
    $$$$$:   99-block  7
call   14 never executed
    $$$$$:   99-block  8
        1:  100:    }
        1:  100-block  0
call    0 returned 1
branch  1 taken 1 (fallthrough)
branch  2 taken 0 (throw)
    $$$$$:  100-block  1
call    3 never executed
        -:  101:    /// modificare aka update
        -:  102:
        -:  103:    /// cautare
       1*:  104:    assert(service.getAll().size() == 1);
        1:  104-block  0
call    0 returned 1
branch  1 taken 1 (fallthrough)
branch  2 taken 0 (throw)
        1:  104-block  1
call    3 returned 1
branch  4 taken 0 (fallthrough)
branch  5 taken 1
    %%%%%:  104-block  2
call    6 never executed
branch  7 never executed
branch  8 never executed
        1:  104-block  3
    %%%%%:  104-block  4
        1:  104-block  5
branch  9 taken 1 (fallthrough)
branch 10 taken 0
        1:  104-block  6
call   11 returned 1
    $$$$$:  104-block  7
branch 12 never executed
branch 13 never executed
    $$$$$:  104-block  8
call   14 never executed
    $$$$$:  104-block  9
        2:  105:    Disciplina d = service.searchService("c");
        1:  105-block  0
call    0 returned 1
call    1 returned 1
branch  2 taken 1 (fallthrough)
branch  3 taken 0 (throw)
        1:  105-block  1
call    4 returned 1
branch  5 taken 1 (fallthrough)
branch  6 taken 0 (throw)
call    7 returned 1
    $$$$$:  105-block  2
    $$$$$:  105-block  3
       1*:  106:    assert(d.getDenumire() == "c");
call    0 returned 1
branch  1 taken 1 (fallthrough)
branch  2 taken 0 (throw)
        1:  106-block  0
call    3 returned 1
branch  4 taken 0 (fallthrough)
branch  5 taken 1
    %%%%%:  106-block  1
call    6 never executed
branch  7 never executed
branch  8 never executed
        1:  106-block  2
    %%%%%:  106-block  3
        1:  106-block  4
branch  9 taken 1 (fallthrough)
branch 10 taken 0
        1:  106-block  5
call   11 returned 1
    $$$$$:  106-block  6
branch 12 never executed
branch 13 never executed
    $$$$$:  106-block  7
call   14 never executed
    $$$$$:  106-block  8
        1:  107:    service.deleteService("c");
        1:  107-block  0
call    0 returned 1
call    1 returned 1
branch  2 taken 1 (fallthrough)
branch  3 taken 0 (throw)
        1:  107-block  1
call    4 returned 1
branch  5 taken 1 (fallthrough)
branch  6 taken 0 (throw)
        1:  107-block  2
call    7 returned 1
call    8 returned 1
    $$$$$:  107-block  3
call    9 never executed
    $$$$$:  107-block  4
    $$$$$:  107-block  5
call   10 never executed
    $$$$$:  107-block  6
       1*:  108:    assert(service.getAll().empty() == true);
call    0 returned 1
branch  1 taken 1 (fallthrough)
branch  2 taken 0 (throw)
        1:  108-block  0
call    3 returned 1
branch  4 taken 0 (fallthrough)
branch  5 taken 1
    %%%%%:  108-block  1
call    6 never executed
branch  7 never executed
branch  8 never executed
        1:  108-block  2
    %%%%%:  108-block  3
        1:  108-block  4
branch  9 taken 1 (fallthrough)
branch 10 taken 0
        1:  108-block  5
call   11 returned 1
    $$$$$:  108-block  6
branch 12 never executed
branch 13 never executed
    $$$$$:  108-block  7
call   14 never executed
    $$$$$:  108-block  8
        -:  109:
        -:  110:    try{
       3*:  111:        service.searchService("c");
        1:  111-block  0
call    0 returned 1
call    1 returned 1
branch  2 taken 1 (fallthrough)
branch  3 taken 0 (throw)
        1:  111-block  1
call    4 returned 1
branch  5 taken 0 (fallthrough)
branch  6 taken 1 (throw)
    %%%%%:  111-block  2
call    7 never executed
call    8 never executed
call    9 never executed
        1:  111-block  3
call   10 returned 1
        1:  111-block  4
        1:  111-block  5
call   11 returned 1
        1:  111-block  6
    #####:  112:        assert(false);
call    0 never executed
branch  1 never executed
branch  2 never executed
        1:  113:    }catch(RepoException &ex){
        1:  113-block  0
branch  0 taken 0 (fallthrough)
branch  1 taken 1
        1:  113-block  1
call    2 returned 1
        1:  114:        assert(ex.getMesaj() == "Disciplina inexistenta!\n");
call    0 returned 1
branch  1 taken 1 (fallthrough)
branch  2 taken 0 (throw)
        1:  114-block  0
call    3 returned 1
branch  4 taken 0 (fallthrough)
branch  5 taken 1
    $$$$$:  114-block  1
call    6 never executed
branch  7 never executed
branch  8 never executed
        1:  114-block  2
    $$$$$:  114-block  3
        1:  114-block  4
branch  9 taken 1 (fallthrough)
branch 10 taken 0
        1:  114-block  5
call   11 returned 1
    $$$$$:  114-block  6
branch 12 never executed
branch 13 never executed
    $$$$$:  114-block  7
call   14 never executed
    $$$$$:  114-block  8
        1:  115:    }
        1:  115-block  0
call    0 returned 1
branch  1 taken 1 (fallthrough)
branch  2 taken 0 (throw)
    $$$$$:  115-block  1
call    3 never executed
        -:  116:    /// cautare
        -:  117:
        -:  118:    /// filtrare
        1:  119:    service.addService("a", 20, "a", "a");
        1:  119-block  0
call    0 returned 1
call    1 returned 1
branch  2 taken 1 (fallthrough)
branch  3 taken 0 (throw)
        1:  119-block  1
call    4 returned 1
call    5 returned 1
branch  6 taken 1 (fallthrough)
branch  7 taken 0 (throw)
        1:  119-block  2
call    8 returned 1
call    9 returned 1
branch 10 taken 1 (fallthrough)
branch 11 taken 0 (throw)
        1:  119-block  3
call   12 returned 1
branch 13 taken 1 (fallthrough)
branch 14 taken 0 (throw)
        1:  119-block  4
call   15 returned 1
call   16 returned 1
call   17 returned 1
call   18 returned 1
call   19 returned 1
call   20 returned 1
    $$$$$:  119-block  5
call   21 never executed
    $$$$$:  119-block  6
    $$$$$:  119-block  7
call   22 never executed
    $$$$$:  119-block  8
    $$$$$:  119-block  9
call   23 never executed
    $$$$$:  119-block 10
    $$$$$:  119-block 11
call   24 never executed
    $$$$$:  119-block 12
    $$$$$:  119-block 13
call   25 never executed
    $$$$$:  119-block 14
    $$$$$:  119-block 15
call   26 never executed
    $$$$$:  119-block 16
        1:  120:    service.addService("b", 21, "b", "b");
call    0 returned 1
call    1 returned 1
branch  2 taken 1 (fallthrough)
branch  3 taken 0 (throw)
        1:  120-block  0
call    4 returned 1
call    5 returned 1
branch  6 taken 1 (fallthrough)
branch  7 taken 0 (throw)
        1:  120-block  1
call    8 returned 1
call    9 returned 1
branch 10 taken 1 (fallthrough)
branch 11 taken 0 (throw)
        1:  120-block  2
call   12 returned 1
branch 13 taken 1 (fallthrough)
branch 14 taken 0 (throw)
        1:  120-block  3
call   15 returned 1
call   16 returned 1
call   17 returned 1
call   18 returned 1
call   19 returned 1
call   20 returned 1
    $$$$$:  120-block  4
call   21 never executed
    $$$$$:  120-block  5
    $$$$$:  120-block  6
call   22 never executed
    $$$$$:  120-block  7
    $$$$$:  120-block  8
call   23 never executed
    $$$$$:  120-block  9
    $$$$$:  120-block 10
call   24 never executed
    $$$$$:  120-block 11
    $$$$$:  120-block 12
call   25 never executed
    $$$$$:  120-block 13
    $$$$$:  120-block 14
call   26 never executed
    $$$$$:  120-block 15
        1:  121:    service.addService("c", 11, "a", "c");
call    0 returned 1
call    1 returned 1
branch  2 taken 1 (fallthrough)
branch  3 taken 0 (throw)
        1:  121-block  0
call    4 returned 1
call    5 returned 1
branch  6 taken 1 (fallthrough)
branch  7 taken 0 (throw)
        1:  121-block  1
call    8 returned 1
call    9 returned 1
branch 10 taken 1 (fallthrough)
branch 11 taken 0 (throw)
        1:  121-block  2
call   12 returned 1
branch 13 taken 1 (fallthrough)
branch 14 taken 0 (throw)
        1:  121-block  3
call   15 returned 1
call   16 returned 1
call   17 returned 1
call   18 returned 1
call   19 returned 1
call   20 returned 1
    $$$$$:  121-block  4
call   21 never executed
    $$$$$:  121-block  5
    $$$$$:  121-block  6
call   22 never executed
    $$$$$:  121-block  7
    $$$$$:  121-block  8
call   23 never executed
    $$$$$:  121-block  9
    $$$$$:  121-block 10
call   24 never executed
    $$$$$:  121-block 11
    $$$$$:  121-block 12
call   25 never executed
    $$$$$:  121-block 13
    $$$$$:  121-block 14
call   26 never executed
    $$$$$:  121-block 15
        1:  122:    service.addService("d", 11, "d", "c");
call    0 returned 1
call    1 returned 1
branch  2 taken 1 (fallthrough)
branch  3 taken 0 (throw)
        1:  122-block  0
call    4 returned 1
call    5 returned 1
branch  6 taken 1 (fallthrough)
branch  7 taken 0 (throw)
        1:  122-block  1
call    8 returned 1
call    9 returned 1
branch 10 taken 1 (fallthrough)
branch 11 taken 0 (throw)
        1:  122-block  2
call   12 returned 1
branch 13 taken 1 (fallthrough)
branch 14 taken 0 (throw)
        1:  122-block  3
call   15 returned 1
call   16 returned 1
call   17 returned 1
call   18 returned 1
call   19 returned 1
call   20 returned 1
    $$$$$:  122-block  4
call   21 never executed
    $$$$$:  122-block  5
    $$$$$:  122-block  6
call   22 never executed
    $$$$$:  122-block  7
    $$$$$:  122-block  8
call   23 never executed
    $$$$$:  122-block  9
    $$$$$:  122-block 10
call   24 never executed
    $$$$$:  122-block 11
    $$$$$:  122-block 12
call   25 never executed
    $$$$$:  122-block 13
    $$$$$:  122-block 14
call   26 never executed
    $$$$$:  122-block 15
        -:  123:
       1*:  124:    assert(service.filterNrOre(20).size() == 1);
call    0 returned 1
branch  1 taken 1 (fallthrough)
branch  2 taken 0 (throw)
        1:  124-block  0
call    3 returned 1
branch  4 taken 0 (fallthrough)
branch  5 taken 1
    %%%%%:  124-block  1
call    6 never executed
branch  7 never executed
branch  8 never executed
        1:  124-block  2
    %%%%%:  124-block  3
        1:  124-block  4
branch  9 taken 1 (fallthrough)
branch 10 taken 0
        1:  124-block  5
call   11 returned 1
    $$$$$:  124-block  6
branch 12 never executed
branch 13 never executed
    $$$$$:  124-block  7
call   14 never executed
    $$$$$:  124-block  8
       1*:  125:    assert(service.filterNrOre(11).size() == 2);
        1:  125-block  0
call    0 returned 1
branch  1 taken 1 (fallthrough)
branch  2 taken 0 (throw)
        1:  125-block  1
call    3 returned 1
branch  4 taken 0 (fallthrough)
branch  5 taken 1
    %%%%%:  125-block  2
call    6 never executed
branch  7 never executed
branch  8 never executed
        1:  125-block  3
    %%%%%:  125-block  4
        1:  125-block  5
branch  9 taken 1 (fallthrough)
branch 10 taken 0
        1:  125-block  6
call   11 returned 1
    $$$$$:  125-block  7
branch 12 never executed
branch 13 never executed
    $$$$$:  125-block  8
call   14 never executed
    $$$$$:  125-block  9
       1*:  126:    assert(service.filterNrOre(110).empty() == true);
        1:  126-block  0
call    0 returned 1
branch  1 taken 1 (fallthrough)
branch  2 taken 0 (throw)
        1:  126-block  1
call    3 returned 1
branch  4 taken 0 (fallthrough)
branch  5 taken 1
    %%%%%:  126-block  2
call    6 never executed
branch  7 never executed
branch  8 never executed
        1:  126-block  3
    %%%%%:  126-block  4
        1:  126-block  5
branch  9 taken 1 (fallthrough)
branch 10 taken 0
        1:  126-block  6
call   11 returned 1
    $$$$$:  126-block  7
branch 12 never executed
branch 13 never executed
    $$$$$:  126-block  8
call   14 never executed
    $$$$$:  126-block  9
        -:  127:
       1*:  128:    assert(service.filterProfesor("a").size() == 1);
        1:  128-block  0
call    0 returned 1
call    1 returned 1
branch  2 taken 1 (fallthrough)
branch  3 taken 0 (throw)
        1:  128-block  1
call    4 returned 1
branch  5 taken 1 (fallthrough)
branch  6 taken 0 (throw)
        1:  128-block  2
call    7 returned 1
branch  8 taken 0 (fallthrough)
branch  9 taken 1
    %%%%%:  128-block  3
call   10 never executed
branch 11 never executed
branch 12 never executed
        1:  128-block  4
    %%%%%:  128-block  5
        1:  128-block  6
branch 13 taken 1 (fallthrough)
branch 14 taken 0
        1:  128-block  7
call   15 returned 1
        1:  128-block  8
branch 16 taken 1 (fallthrough)
branch 17 taken 0
        1:  128-block  9
call   18 returned 1
        1:  128-block 10
branch 19 taken 1 (fallthrough)
branch 20 taken 0
        1:  128-block 11
call   21 returned 1
    $$$$$:  128-block 12
branch 22 never executed
branch 23 never executed
    $$$$$:  128-block 13
call   24 never executed
    $$$$$:  128-block 14
    $$$$$:  128-block 15
branch 25 never executed
branch 26 never executed
    $$$$$:  128-block 16
call   27 never executed
    $$$$$:  128-block 17
    $$$$$:  128-block 18
branch 28 never executed
branch 29 never executed
    $$$$$:  128-block 19
call   30 never executed
    $$$$$:  128-block 20
       1*:  129:    assert(service.filterProfesor("c").size() == 2);
        1:  129-block  0
call    0 returned 1
call    1 returned 1
branch  2 taken 1 (fallthrough)
branch  3 taken 0 (throw)
        1:  129-block  1
call    4 returned 1
branch  5 taken 1 (fallthrough)
branch  6 taken 0 (throw)
        1:  129-block  2
call    7 returned 1
branch  8 taken 0 (fallthrough)
branch  9 taken 1
    %%%%%:  129-block  3
call   10 never executed
branch 11 never executed
branch 12 never executed
        1:  129-block  4
    %%%%%:  129-block  5
        1:  129-block  6
branch 13 taken 1 (fallthrough)
branch 14 taken 0
        1:  129-block  7
call   15 returned 1
        1:  129-block  8
branch 16 taken 1 (fallthrough)
branch 17 taken 0
        1:  129-block  9
call   18 returned 1
        1:  129-block 10
branch 19 taken 1 (fallthrough)
branch 20 taken 0
        1:  129-block 11
call   21 returned 1
    $$$$$:  129-block 12
branch 22 never executed
branch 23 never executed
    $$$$$:  129-block 13
call   24 never executed
    $$$$$:  129-block 14
    $$$$$:  129-block 15
branch 25 never executed
branch 26 never executed
    $$$$$:  129-block 16
call   27 never executed
    $$$$$:  129-block 17
    $$$$$:  129-block 18
branch 28 never executed
branch 29 never executed
    $$$$$:  129-block 19
call   30 never executed
    $$$$$:  129-block 20
       1*:  130:    assert(service.filterProfesor("z").empty() == true);
        1:  130-block  0
call    0 returned 1
call    1 returned 1
branch  2 taken 1 (fallthrough)
branch  3 taken 0 (throw)
        1:  130-block  1
call    4 returned 1
branch  5 taken 1 (fallthrough)
branch  6 taken 0 (throw)
        1:  130-block  2
call    7 returned 1
branch  8 taken 0 (fallthrough)
branch  9 taken 1
    %%%%%:  130-block  3
call   10 never executed
branch 11 never executed
branch 12 never executed
        1:  130-block  4
    %%%%%:  130-block  5
        1:  130-block  6
branch 13 taken 1 (fallthrough)
branch 14 taken 0
        1:  130-block  7
call   15 returned 1
        1:  130-block  8
branch 16 taken 1 (fallthrough)
branch 17 taken 0
        1:  130-block  9
call   18 returned 1
        1:  130-block 10
branch 19 taken 1 (fallthrough)
branch 20 taken 0
        1:  130-block 11
call   21 returned 1
    $$$$$:  130-block 12
branch 22 never executed
branch 23 never executed
    $$$$$:  130-block 13
call   24 never executed
    $$$$$:  130-block 14
    $$$$$:  130-block 15
branch 25 never executed
branch 26 never executed
    $$$$$:  130-block 16
call   27 never executed
    $$$$$:  130-block 17
    $$$$$:  130-block 18
branch 28 never executed
branch 29 never executed
    $$$$$:  130-block 19
call   30 never executed
    $$$$$:  130-block 20
        -:  131:    /// filtrare
        -:  132:
        -:  133:    /// sortare
        1:  134:    auto d1 = service.sortByDenumire()[0];
        1:  134-block  0
call    0 returned 1
branch  1 taken 1 (fallthrough)
branch  2 taken 0 (throw)
        1:  134-block  1
call    3 returned 1
call    4 returned 1
branch  5 taken 1 (fallthrough)
branch  6 taken 0 (throw)
    $$$$$:  134-block  2
       1*:  135:    assert(d1.getDenumire() == "a");
call    0 returned 1
branch  1 taken 1 (fallthrough)
branch  2 taken 0 (throw)
        1:  135-block  0
call    3 returned 1
branch  4 taken 0 (fallthrough)
branch  5 taken 1
    %%%%%:  135-block  1
call    6 never executed
branch  7 never executed
branch  8 never executed
        1:  135-block  2
    %%%%%:  135-block  3
        1:  135-block  4
branch  9 taken 1 (fallthrough)
branch 10 taken 0
        1:  135-block  5
call   11 returned 1
    $$$$$:  135-block  6
branch 12 never executed
branch 13 never executed
    $$$$$:  135-block  7
call   14 never executed
    $$$$$:  135-block  8
        -:  136:
        1:  137:    auto d2 = service.sortByNrOre()[0];
        1:  137-block  0
call    0 returned 1
branch  1 taken 1 (fallthrough)
branch  2 taken 0 (throw)
        1:  137-block  1
call    3 returned 1
call    4 returned 1
branch  5 taken 1 (fallthrough)
branch  6 taken 0 (throw)
    $$$$$:  137-block  2
       1*:  138:    assert(d2.getOrePeSaptamana() == 11);
call    0 returned 1
branch  1 taken 1 (fallthrough)
branch  2 taken 0 (throw)
        1:  138-block  0
branch  3 taken 0 (fallthrough)
branch  4 taken 1
    %%%%%:  138-block  1
call    5 never executed
branch  6 never executed
branch  7 never executed
        1:  138-block  2
    %%%%%:  138-block  3
        -:  139:
        1:  140:    auto d3 = service.sortByTipProfesor()[0];
        1:  140-block  0
call    0 returned 1
branch  1 taken 1 (fallthrough)
branch  2 taken 0 (throw)
        1:  140-block  1
call    3 returned 1
call    4 returned 1
branch  5 taken 1 (fallthrough)
branch  6 taken 0 (throw)
    $$$$$:  140-block  2
       1*:  141:    assert(d3.getTip() == "a");
call    0 returned 1
branch  1 taken 1 (fallthrough)
branch  2 taken 0 (throw)
        1:  141-block  0
call    3 returned 1
branch  4 taken 0 (fallthrough)
branch  5 taken 1
    %%%%%:  141-block  1
call    6 never executed
branch  7 never executed
branch  8 never executed
        1:  141-block  2
    %%%%%:  141-block  3
        1:  141-block  4
branch  9 taken 1 (fallthrough)
branch 10 taken 0
        1:  141-block  5
call   11 returned 1
    $$$$$:  141-block  6
branch 12 never executed
branch 13 never executed
    $$$$$:  141-block  7
call   14 never executed
    $$$$$:  141-block  8
       1*:  142:    assert(d3.getProfesor() == "a");
        1:  142-block  0
call    0 returned 1
branch  1 taken 1 (fallthrough)
branch  2 taken 0 (throw)
        1:  142-block  1
call    3 returned 1
branch  4 taken 0 (fallthrough)
branch  5 taken 1
    %%%%%:  142-block  2
call    6 never executed
branch  7 never executed
branch  8 never executed
        1:  142-block  3
    %%%%%:  142-block  4
        1:  142-block  5
branch  9 taken 1 (fallthrough)
branch 10 taken 0
        1:  142-block  6
call   11 returned 1
    $$$$$:  142-block  7
branch 12 never executed
branch 13 never executed
    $$$$$:  142-block  8
call   14 never executed
    $$$$$:  142-block  9
        -:  143:    /// sortare
        1:  144:}
        1:  144-block  0
call    0 returned 1
call    1 returned 1
call    2 returned 1
call    3 returned 1
call    4 returned 1
call    5 returned 1
call    6 returned 1
call    7 returned 1
    $$$$$:  144-block  1
call    8 never executed
    $$$$$:  144-block  2
call    9 never executed
    $$$$$:  144-block  3
call   10 never executed
    $$$$$:  144-block  4
call   11 never executed
    $$$$$:  144-block  5
call   12 never executed
    $$$$$:  144-block  6
call   13 never executed
    $$$$$:  144-block  7
call   14 never executed
    $$$$$:  144-block  8
call   15 never executed
        -:  145:
function _ZN5Tests13testeValidareEv called 1 returned 100% blocks executed 52%
        1:  146:void Tests:: testeValidare() {
        2:  147:    Disciplina d("", 0, "a", "a");
        1:  147-block  0
call    0 returned 1
call    1 returned 1
branch  2 taken 1 (fallthrough)
branch  3 taken 0 (throw)
        1:  147-block  1
call    4 returned 1
call    5 returned 1
branch  6 taken 1 (fallthrough)
branch  7 taken 0 (throw)
        1:  147-block  2
call    8 returned 1
call    9 returned 1
branch 10 taken 1 (fallthrough)
branch 11 taken 0 (throw)
        1:  147-block  3
call   12 returned 1
call   13 returned 1
call   14 returned 1
call   15 returned 1
call   16 returned 1
call   17 returned 1
    $$$$$:  147-block  4
    $$$$$:  147-block  5
    $$$$$:  147-block  6
    $$$$$:  147-block  7
    $$$$$:  147-block  8
        -:  148:    try {
        1:  149:        ValidareDisciplina::validate(d);
call    0 returned 1
branch  1 taken 0 (fallthrough)
branch  2 taken 1 (throw)
        1:  150:    }catch (const ValidateException& ex) {
        1:  150-block  0
branch  0 taken 0 (fallthrough)
branch  1 taken 1
        1:  150-block  1
call    2 returned 1
        1:  151:        std::stringstream sout;
call    0 returned 1
branch  1 taken 1 (fallthrough)
branch  2 taken 0 (throw)
        1:  152:        sout << ex;
        1:  152-block  0
call    0 returned 1
branch  1 taken 1 (fallthrough)
branch  2 taken 0 (throw)
        1:  153:        auto mesaj = sout.str();
        1:  153-block  0
call    0 returned 1
branch  1 taken 1 (fallthrough)
branch  2 taken 0 (throw)
        1:  154:        assert(mesaj.find("invalid") < mesaj.size());
        1:  154-block  0
call    0 returned 1
call    1 returned 1
branch  2 taken 0 (fallthrough)
branch  3 taken 1
    $$$$$:  154-block  1
call    4 never executed
branch  5 never executed
branch  6 never executed
        1:  154-block  2
    $$$$$:  154-block  3
        1:  155:    }
        1:  155-block  0
call    0 returned 1
call    1 returned 1
call    2 returned 1
branch  3 taken 1 (fallthrough)
branch  4 taken 0 (throw)
    $$$$$:  155-block  1
call    5 never executed
    $$$$$:  155-block  2
call    6 never executed
    $$$$$:  155-block  3
call    7 never executed
        1:  156:}
        1:  156-block  0
call    0 returned 1
    $$$$$:  156-block  1
call    1 never executed
        -:  157:
function _ZN5Tests19testeCreareContractEv called 1 returned 100% blocks executed 49%
        1:  158:void Tests::testeCreareContract() {
        1:  159:    Repo repo;
        1:  159-block  0
call    0 returned 1
        1:  160:    Contract contract;
call    0 returned 1
        1:  161:    Service service(repo, contract);
call    0 returned 1
        -:  162:
       1*:  163:    assert(service.getAll().empty());
call    0 returned 1
branch  1 taken 1 (fallthrough)
branch  2 taken 0 (throw)
        1:  163-block  0
call    3 returned 1
branch  4 taken 0 (fallthrough)
branch  5 taken 1
    %%%%%:  163-block  1
call    6 never executed
branch  7 never executed
branch  8 never executed
        1:  163-block  2
    %%%%%:  163-block  3
        1:  163-block  4
branch  9 taken 1 (fallthrough)
branch 10 taken 0
        1:  163-block  5
call   11 returned 1
    $$$$$:  163-block  6
branch 12 never executed
branch 13 never executed
    $$$$$:  163-block  7
call   14 never executed
    $$$$$:  163-block  8
        -:  164:
        1:  165:    service.addService("a", 24, "a", "a");
        1:  165-block  0
call    0 returned 1
call    1 returned 1
branch  2 taken 1 (fallthrough)
branch  3 taken 0 (throw)
        1:  165-block  1
call    4 returned 1
call    5 returned 1
branch  6 taken 1 (fallthrough)
branch  7 taken 0 (throw)
        1:  165-block  2
call    8 returned 1
call    9 returned 1
branch 10 taken 1 (fallthrough)
branch 11 taken 0 (throw)
        1:  165-block  3
call   12 returned 1
branch 13 taken 1 (fallthrough)
branch 14 taken 0 (throw)
        1:  165-block  4
call   15 returned 1
call   16 returned 1
call   17 returned 1
call   18 returned 1
call   19 returned 1
call   20 returned 1
    $$$$$:  165-block  5
call   21 never executed
    $$$$$:  165-block  6
    $$$$$:  165-block  7
call   22 never executed
    $$$$$:  165-block  8
    $$$$$:  165-block  9
call   23 never executed
    $$$$$:  165-block 10
    $$$$$:  165-block 11
call   24 never executed
    $$$$$:  165-block 12
    $$$$$:  165-block 13
call   25 never executed
    $$$$$:  165-block 14
    $$$$$:  165-block 15
call   26 never executed
    $$$$$:  165-block 16
        1:  166:    service.addService("b", 14, "b", "b");
call    0 returned 1
call    1 returned 1
branch  2 taken 1 (fallthrough)
branch  3 taken 0 (throw)
        1:  166-block  0
call    4 returned 1
call    5 returned 1
branch  6 taken 1 (fallthrough)
branch  7 taken 0 (throw)
        1:  166-block  1
call    8 returned 1
call    9 returned 1
branch 10 taken 1 (fallthrough)
branch 11 taken 0 (throw)
        1:  166-block  2
call   12 returned 1
branch 13 taken 1 (fallthrough)
branch 14 taken 0 (throw)
        1:  166-block  3
call   15 returned 1
call   16 returned 1
call   17 returned 1
call   18 returned 1
call   19 returned 1
call   20 returned 1
    $$$$$:  166-block  4
call   21 never executed
    $$$$$:  166-block  5
    $$$$$:  166-block  6
call   22 never executed
    $$$$$:  166-block  7
    $$$$$:  166-block  8
call   23 never executed
    $$$$$:  166-block  9
    $$$$$:  166-block 10
call   24 never executed
    $$$$$:  166-block 11
    $$$$$:  166-block 12
call   25 never executed
    $$$$$:  166-block 13
    $$$$$:  166-block 14
call   26 never executed
    $$$$$:  166-block 15
        1:  167:    service.addService("c", 34, "c", "c");
call    0 returned 1
call    1 returned 1
branch  2 taken 1 (fallthrough)
branch  3 taken 0 (throw)
        1:  167-block  0
call    4 returned 1
call    5 returned 1
branch  6 taken 1 (fallthrough)
branch  7 taken 0 (throw)
        1:  167-block  1
call    8 returned 1
call    9 returned 1
branch 10 taken 1 (fallthrough)
branch 11 taken 0 (throw)
        1:  167-block  2
call   12 returned 1
branch 13 taken 1 (fallthrough)
branch 14 taken 0 (throw)
        1:  167-block  3
call   15 returned 1
call   16 returned 1
call   17 returned 1
call   18 returned 1
call   19 returned 1
call   20 returned 1
    $$$$$:  167-block  4
call   21 never executed
    $$$$$:  167-block  5
    $$$$$:  167-block  6
call   22 never executed
    $$$$$:  167-block  7
    $$$$$:  167-block  8
call   23 never executed
    $$$$$:  167-block  9
    $$$$$:  167-block 10
call   24 never executed
    $$$$$:  167-block 11
    $$$$$:  167-block 12
call   25 never executed
    $$$$$:  167-block 13
    $$$$$:  167-block 14
call   26 never executed
    $$$$$:  167-block 15
        1:  168:    service.addService("d", 56, "d", "d");
call    0 returned 1
call    1 returned 1
branch  2 taken 1 (fallthrough)
branch  3 taken 0 (throw)
        1:  168-block  0
call    4 returned 1
call    5 returned 1
branch  6 taken 1 (fallthrough)
branch  7 taken 0 (throw)
        1:  168-block  1
call    8 returned 1
call    9 returned 1
branch 10 taken 1 (fallthrough)
branch 11 taken 0 (throw)
        1:  168-block  2
call   12 returned 1
branch 13 taken 1 (fallthrough)
branch 14 taken 0 (throw)
        1:  168-block  3
call   15 returned 1
call   16 returned 1
call   17 returned 1
call   18 returned 1
call   19 returned 1
call   20 returned 1
    $$$$$:  168-block  4
call   21 never executed
    $$$$$:  168-block  5
    $$$$$:  168-block  6
call   22 never executed
    $$$$$:  168-block  7
    $$$$$:  168-block  8
call   23 never executed
    $$$$$:  168-block  9
    $$$$$:  168-block 10
call   24 never executed
    $$$$$:  168-block 11
    $$$$$:  168-block 12
call   25 never executed
    $$$$$:  168-block 13
    $$$$$:  168-block 14
call   26 never executed
    $$$$$:  168-block 15
        1:  169:    service.addService("e", 41, "e", "e");
call    0 returned 1
call    1 returned 1
branch  2 taken 1 (fallthrough)
branch  3 taken 0 (throw)
        1:  169-block  0
call    4 returned 1
call    5 returned 1
branch  6 taken 1 (fallthrough)
branch  7 taken 0 (throw)
        1:  169-block  1
call    8 returned 1
call    9 returned 1
branch 10 taken 1 (fallthrough)
branch 11 taken 0 (throw)
        1:  169-block  2
call   12 returned 1
branch 13 taken 1 (fallthrough)
branch 14 taken 0 (throw)
        1:  169-block  3
call   15 returned 1
call   16 returned 1
call   17 returned 1
call   18 returned 1
call   19 returned 1
call   20 returned 1
    $$$$$:  169-block  4
call   21 never executed
    $$$$$:  169-block  5
    $$$$$:  169-block  6
call   22 never executed
    $$$$$:  169-block  7
    $$$$$:  169-block  8
call   23 never executed
    $$$$$:  169-block  9
    $$$$$:  169-block 10
call   24 never executed
    $$$$$:  169-block 11
    $$$$$:  169-block 12
call   25 never executed
    $$$$$:  169-block 13
    $$$$$:  169-block 14
call   26 never executed
    $$$$$:  169-block 15
        -:  170:
       1*:  171:    assert(service.getAll().size() == 5);
call    0 returned 1
branch  1 taken 1 (fallthrough)
branch  2 taken 0 (throw)
        1:  171-block  0
call    3 returned 1
branch  4 taken 0 (fallthrough)
branch  5 taken 1
    %%%%%:  171-block  1
call    6 never executed
branch  7 never executed
branch  8 never executed
        1:  171-block  2
    %%%%%:  171-block  3
        1:  171-block  4
branch  9 taken 1 (fallthrough)
branch 10 taken 0
        1:  171-block  5
call   11 returned 1
    $$$$$:  171-block  6
branch 12 never executed
branch 13 never executed
    $$$$$:  171-block  7
call   14 never executed
    $$$$$:  171-block  8
       1*:  172:    assert(service.getAllDisciplineFromContractService().empty());
        1:  172-block  0
call    0 returned 1
branch  1 taken 1 (fallthrough)
branch  2 taken 0 (throw)
        1:  172-block  1
call    3 returned 1
branch  4 taken 0 (fallthrough)
branch  5 taken 1
    %%%%%:  172-block  2
call    6 never executed
branch  7 never executed
branch  8 never executed
        1:  172-block  3
    %%%%%:  172-block  4
        1:  172-block  5
branch  9 taken 1 (fallthrough)
branch 10 taken 0
        1:  172-block  6
call   11 returned 1
    $$$$$:  172-block  7
branch 12 never executed
branch 13 never executed
    $$$$$:  172-block  8
call   14 never executed
    $$$$$:  172-block  9
        -:  173:
        1:  174:    vector<string> denumiri;
        1:  174-block  0
call    0 returned 1
        1:  175:    denumiri.emplace_back("a");
call    0 returned 1
branch  1 taken 1 (fallthrough)
branch  2 taken 0 (throw)
        1:  176:    denumiri.emplace_back("b");
        1:  176-block  0
call    0 returned 1
branch  1 taken 1 (fallthrough)
branch  2 taken 0 (throw)
        1:  177:    denumiri.emplace_back("c");
        1:  177-block  0
call    0 returned 1
branch  1 taken 1 (fallthrough)
branch  2 taken 0 (throw)
        1:  178:    denumiri.emplace_back("e");
        1:  178-block  0
call    0 returned 1
branch  1 taken 1 (fallthrough)
branch  2 taken 0 (throw)
        -:  179:
        1:  180:    service.addToContractService(denumiri);
        1:  180-block  0
call    0 returned 1
branch  1 taken 1 (fallthrough)
branch  2 taken 0 (throw)
       1*:  181:    assert(service.nrDisciplineContract() == 4);
        1:  181-block  0
call    0 returned 1
branch  1 taken 1 (fallthrough)
branch  2 taken 0 (throw)
        1:  181-block  1
branch  3 taken 0 (fallthrough)
branch  4 taken 1
    %%%%%:  181-block  2
call    5 never executed
branch  6 never executed
branch  7 never executed
        1:  181-block  3
    %%%%%:  181-block  4
        -:  182:
        1:  183:    vector<Disciplina> vec = service.getAllDisciplineFromContractService();
        1:  183-block  0
call    0 returned 1
branch  1 taken 1 (fallthrough)
branch  2 taken 0 (throw)
       1*:  184:    assert(vec[0].getDenumire() == "a");
        1:  184-block  0
call    0 returned 1
call    1 returned 1
branch  2 taken 1 (fallthrough)
branch  3 taken 0 (throw)
        1:  184-block  1
call    4 returned 1
branch  5 taken 0 (fallthrough)
branch  6 taken 1
    %%%%%:  184-block  2
call    7 never executed
branch  8 never executed
branch  9 never executed
        1:  184-block  3
    %%%%%:  184-block  4
        1:  184-block  5
branch 10 taken 1 (fallthrough)
branch 11 taken 0
        1:  184-block  6
call   12 returned 1
    $$$$$:  184-block  7
branch 13 never executed
branch 14 never executed
    $$$$$:  184-block  8
call   15 never executed
    $$$$$:  184-block  9
       1*:  185:    assert(vec[1].getDenumire() == "b");
        1:  185-block  0
call    0 returned 1
call    1 returned 1
branch  2 taken 1 (fallthrough)
branch  3 taken 0 (throw)
        1:  185-block  1
call    4 returned 1
branch  5 taken 0 (fallthrough)
branch  6 taken 1
    %%%%%:  185-block  2
call    7 never executed
branch  8 never executed
branch  9 never executed
        1:  185-block  3
    %%%%%:  185-block  4
        1:  185-block  5
branch 10 taken 1 (fallthrough)
branch 11 taken 0
        1:  185-block  6
call   12 returned 1
    $$$$$:  185-block  7
branch 13 never executed
branch 14 never executed
    $$$$$:  185-block  8
call   15 never executed
    $$$$$:  185-block  9
       1*:  186:    assert(vec[2].getDenumire() == "c");
        1:  186-block  0
call    0 returned 1
call    1 returned 1
branch  2 taken 1 (fallthrough)
branch  3 taken 0 (throw)
        1:  186-block  1
call    4 returned 1
branch  5 taken 0 (fallthrough)
branch  6 taken 1
    %%%%%:  186-block  2
call    7 never executed
branch  8 never executed
branch  9 never executed
        1:  186-block  3
    %%%%%:  186-block  4
        1:  186-block  5
branch 10 taken 1 (fallthrough)
branch 11 taken 0
        1:  186-block  6
call   12 returned 1
    $$$$$:  186-block  7
branch 13 never executed
branch 14 never executed
    $$$$$:  186-block  8
call   15 never executed
    $$$$$:  186-block  9
       1*:  187:    assert(vec[3].getDenumire() == "e");
        1:  187-block  0
call    0 returned 1
call    1 returned 1
branch  2 taken 1 (fallthrough)
branch  3 taken 0 (throw)
        1:  187-block  1
call    4 returned 1
branch  5 taken 0 (fallthrough)
branch  6 taken 1
    %%%%%:  187-block  2
call    7 never executed
branch  8 never executed
branch  9 never executed
        1:  187-block  3
    %%%%%:  187-block  4
        1:  187-block  5
branch 10 taken 1 (fallthrough)
branch 11 taken 0
        1:  187-block  6
call   12 returned 1
    $$$$$:  187-block  7
branch 13 never executed
branch 14 never executed
    $$$$$:  187-block  8
call   15 never executed
    $$$$$:  187-block  9
        -:  188:
       1*:  189:    assert(service.nrDisciplineContract() == 4);
        1:  189-block  0
call    0 returned 1
branch  1 taken 1 (fallthrough)
branch  2 taken 0 (throw)
        1:  189-block  1
branch  3 taken 0 (fallthrough)
branch  4 taken 1
    %%%%%:  189-block  2
call    5 never executed
branch  6 never executed
branch  7 never executed
        1:  189-block  3
    %%%%%:  189-block  4
        -:  190:
        1:  191:    service.deleteService("a");
        1:  191-block  0
call    0 returned 1
call    1 returned 1
branch  2 taken 1 (fallthrough)
branch  3 taken 0 (throw)
        1:  191-block  1
call    4 returned 1
branch  5 taken 1 (fallthrough)
branch  6 taken 0 (throw)
        1:  191-block  2
call    7 returned 1
call    8 returned 1
    $$$$$:  191-block  3
call    9 never executed
    $$$$$:  191-block  4
    $$$$$:  191-block  5
call   10 never executed
    $$$$$:  191-block  6
       1*:  192:    assert(service.getAll().size() == 4);
call    0 returned 1
branch  1 taken 1 (fallthrough)
branch  2 taken 0 (throw)
        1:  192-block  0
call    3 returned 1
branch  4 taken 0 (fallthrough)
branch  5 taken 1
    %%%%%:  192-block  1
call    6 never executed
branch  7 never executed
branch  8 never executed
        1:  192-block  2
    %%%%%:  192-block  3
        1:  192-block  4
branch  9 taken 1 (fallthrough)
branch 10 taken 0
        1:  192-block  5
call   11 returned 1
    $$$$$:  192-block  6
branch 12 never executed
branch 13 never executed
    $$$$$:  192-block  7
call   14 never executed
    $$$$$:  192-block  8
       1*:  193:    assert(service.nrDisciplineContract() == 3);
        1:  193-block  0
call    0 returned 1
branch  1 taken 1 (fallthrough)
branch  2 taken 0 (throw)
        1:  193-block  1
branch  3 taken 0 (fallthrough)
branch  4 taken 1
    %%%%%:  193-block  2
call    5 never executed
branch  6 never executed
branch  7 never executed
        1:  193-block  3
    %%%%%:  193-block  4
        -:  194:
        1:  195:    service.updateService("b", "zz", 44, "zz", "zz");
        1:  195-block  0
call    0 returned 1
call    1 returned 1
branch  2 taken 1 (fallthrough)
branch  3 taken 0 (throw)
        1:  195-block  1
call    4 returned 1
call    5 returned 1
branch  6 taken 1 (fallthrough)
branch  7 taken 0 (throw)
        1:  195-block  2
call    8 returned 1
call    9 returned 1
branch 10 taken 1 (fallthrough)
branch 11 taken 0 (throw)
        1:  195-block  3
call   12 returned 1
call   13 returned 1
branch 14 taken 1 (fallthrough)
branch 15 taken 0 (throw)
        1:  195-block  4
call   16 returned 1
branch 17 taken 1 (fallthrough)
branch 18 taken 0 (throw)
        1:  195-block  5
call   19 returned 1
call   20 returned 1
call   21 returned 1
call   22 returned 1
call   23 returned 1
call   24 returned 1
call   25 returned 1
call   26 returned 1
    $$$$$:  195-block  6
call   27 never executed
    $$$$$:  195-block  7
    $$$$$:  195-block  8
call   28 never executed
    $$$$$:  195-block  9
    $$$$$:  195-block 10
call   29 never executed
    $$$$$:  195-block 11
    $$$$$:  195-block 12
call   30 never executed
    $$$$$:  195-block 13
    $$$$$:  195-block 14
call   31 never executed
    $$$$$:  195-block 15
    $$$$$:  195-block 16
call   32 never executed
    $$$$$:  195-block 17
    $$$$$:  195-block 18
call   33 never executed
    $$$$$:  195-block 19
    $$$$$:  195-block 20
call   34 never executed
    $$$$$:  195-block 21
        -:  196:    try{
       3*:  197:        service.searchService("b");
call    0 returned 1
call    1 returned 1
branch  2 taken 1 (fallthrough)
branch  3 taken 0 (throw)
        1:  197-block  0
call    4 returned 1
branch  5 taken 0 (fallthrough)
branch  6 taken 1 (throw)
    %%%%%:  197-block  1
call    7 never executed
call    8 never executed
call    9 never executed
        1:  197-block  2
call   10 returned 1
        1:  197-block  3
        1:  197-block  4
call   11 returned 1
        1:  197-block  5
    #####:  198:        assert(false);
call    0 never executed
branch  1 never executed
branch  2 never executed
        1:  199:    }catch(RepoException& ex){
        1:  199-block  0
branch  0 taken 0 (fallthrough)
branch  1 taken 1
        1:  199-block  1
call    2 returned 1
        1:  200:        assert(ex.getMesaj() == "Disciplina inexistenta!\n");
call    0 returned 1
branch  1 taken 1 (fallthrough)
branch  2 taken 0 (throw)
        1:  200-block  0
call    3 returned 1
branch  4 taken 0 (fallthrough)
branch  5 taken 1
    $$$$$:  200-block  1
call    6 never executed
branch  7 never executed
branch  8 never executed
        1:  200-block  2
    $$$$$:  200-block  3
        1:  200-block  4
branch  9 taken 1 (fallthrough)
branch 10 taken 0
        1:  200-block  5
call   11 returned 1
    $$$$$:  200-block  6
branch 12 never executed
branch 13 never executed
    $$$$$:  200-block  7
call   14 never executed
    $$$$$:  200-block  8
        1:  201:    }
        1:  201-block  0
call    0 returned 1
branch  1 taken 1 (fallthrough)
branch  2 taken 0 (throw)
    $$$$$:  201-block  1
call    3 never executed
       1*:  202:    assert(service.getAllDisciplineFromContractService()[0].getDenumire() == "zz");
        1:  202-block  0
call    0 returned 1
branch  1 taken 1 (fallthrough)
branch  2 taken 0 (throw)
        1:  202-block  1
call    3 returned 1
call    4 returned 1
branch  5 taken 1 (fallthrough)
branch  6 taken 0 (throw)
        1:  202-block  2
call    7 returned 1
branch  8 taken 0 (fallthrough)
branch  9 taken 1
    %%%%%:  202-block  3
call   10 never executed
branch 11 never executed
branch 12 never executed
        1:  202-block  4
    %%%%%:  202-block  5
        1:  202-block  6
branch 13 taken 1 (fallthrough)
branch 14 taken 0
        1:  202-block  7
call   15 returned 1
        1:  202-block  8
branch 16 taken 1 (fallthrough)
branch 17 taken 0
        1:  202-block  9
call   18 returned 1
    $$$$$:  202-block 10
branch 19 never executed
branch 20 never executed
    $$$$$:  202-block 11
call   21 never executed
    $$$$$:  202-block 12
    $$$$$:  202-block 13
branch 22 never executed
branch 23 never executed
    $$$$$:  202-block 14
call   24 never executed
    $$$$$:  202-block 15
        -:  203:
       1*:  204:    assert(service.nrDisciplineContract() == 3);
        1:  204-block  0
call    0 returned 1
branch  1 taken 1 (fallthrough)
branch  2 taken 0 (throw)
        1:  204-block  1
branch  3 taken 0 (fallthrough)
branch  4 taken 1
    %%%%%:  204-block  2
call    5 never executed
branch  6 never executed
branch  7 never executed
        1:  204-block  3
    %%%%%:  204-block  4
        1:  205:    service.generateRandomContractService(2);
        1:  205-block  0
call    0 returned 1
branch  1 taken 1 (fallthrough)
branch  2 taken 0 (throw)
       1*:  206:    assert(service.nrDisciplineContract() == 2);
        1:  206-block  0
call    0 returned 1
branch  1 taken 1 (fallthrough)
branch  2 taken 0 (throw)
        1:  206-block  1
branch  3 taken 0 (fallthrough)
branch  4 taken 1
    %%%%%:  206-block  2
call    5 never executed
branch  6 never executed
branch  7 never executed
        1:  206-block  3
    %%%%%:  206-block  4
        -:  207:
        1:  208:    string invalidFile = " ";
        1:  208-block  0
call    0 returned 1
call    1 returned 1
branch  2 taken 1 (fallthrough)
branch  3 taken 0 (throw)
    $$$$$:  208-block  1
        1:  209:    service.exportContractToFileCSVService("dateTest.csv");
call    0 returned 1
call    1 returned 1
branch  2 taken 1 (fallthrough)
branch  3 taken 0 (throw)
        1:  209-block  0
call    4 returned 1
branch  5 taken 1 (fallthrough)
branch  6 taken 0 (throw)
        1:  209-block  1
call    7 returned 1
call    8 returned 1
    $$$$$:  209-block  2
call    9 never executed
    $$$$$:  209-block  3
    $$$$$:  209-block  4
call   10 never executed
    $$$$$:  209-block  5
        1:  210:    service.exportContractToFileHTMLService("dateTest.html");
call    0 returned 1
call    1 returned 1
branch  2 taken 1 (fallthrough)
branch  3 taken 0 (throw)
        1:  210-block  0
call    4 returned 1
branch  5 taken 1 (fallthrough)
branch  6 taken 0 (throw)
        1:  210-block  1
call    7 returned 1
call    8 returned 1
    $$$$$:  210-block  2
call    9 never executed
    $$$$$:  210-block  3
    $$$$$:  210-block  4
call   10 never executed
    $$$$$:  210-block  5
        -:  211:    try {
        1:  212:        service.exportContractToFileCSVService(invalidFile);
call    0 returned 1
branch  1 taken 0 (fallthrough)
branch  2 taken 1 (throw)
    #####:  213:        assert(false);
    %%%%%:  213-block  0
call    0 never executed
branch  1 never executed
branch  2 never executed
        1:  214:    }catch(RepoException &ex) {
        1:  214-block  0
branch  0 taken 0 (fallthrough)
branch  1 taken 1
        1:  214-block  1
call    2 returned 1
        1:  215:        assert(ex.getMesaj() == "Nu se poate deschide: " + invalidFile);
call    0 returned 1
branch  1 taken 1 (fallthrough)
branch  2 taken 0 (throw)
        1:  215-block  0
call    3 returned 1
branch  4 taken 1 (fallthrough)
branch  5 taken 0 (throw)
        1:  215-block  1
call    6 returned 1
branch  7 taken 0 (fallthrough)
branch  8 taken 1
    $$$$$:  215-block  2
call    9 never executed
branch 10 never executed
branch 11 never executed
        1:  215-block  3
    $$$$$:  215-block  4
        1:  215-block  5
branch 12 taken 1 (fallthrough)
branch 13 taken 0
        1:  215-block  6
call   14 returned 1
        1:  215-block  7
branch 15 taken 1 (fallthrough)
branch 16 taken 0
        1:  215-block  8
call   17 returned 1
    $$$$$:  215-block  9
branch 18 never executed
branch 19 never executed
    $$$$$:  215-block 10
call   20 never executed
    $$$$$:  215-block 11
    $$$$$:  215-block 12
branch 21 never executed
branch 22 never executed
    $$$$$:  215-block 13
call   23 never executed
    $$$$$:  215-block 14
        1:  216:    }
        1:  216-block  0
call    0 returned 1
branch  1 taken 1 (fallthrough)
branch  2 taken 0 (throw)
    $$$$$:  216-block  1
call    3 never executed
        -:  217:    try {
        1:  218:        service.exportContractToFileHTMLService(invalidFile);
        1:  218-block  0
call    0 returned 1
branch  1 taken 0 (fallthrough)
branch  2 taken 1 (throw)
    #####:  219:        assert(false);
    %%%%%:  219-block  0
call    0 never executed
branch  1 never executed
branch  2 never executed
        1:  220:    }catch(RepoException &ex) {
        1:  220-block  0
branch  0 taken 0 (fallthrough)
branch  1 taken 1
        1:  220-block  1
call    2 returned 1
        1:  221:        assert(ex.getMesaj() == "Nu se poate deschide: " + invalidFile);
call    0 returned 1
branch  1 taken 1 (fallthrough)
branch  2 taken 0 (throw)
        1:  221-block  0
call    3 returned 1
branch  4 taken 1 (fallthrough)
branch  5 taken 0 (throw)
        1:  221-block  1
call    6 returned 1
branch  7 taken 0 (fallthrough)
branch  8 taken 1
    $$$$$:  221-block  2
call    9 never executed
branch 10 never executed
branch 11 never executed
        1:  221-block  3
    $$$$$:  221-block  4
        1:  221-block  5
branch 12 taken 1 (fallthrough)
branch 13 taken 0
        1:  221-block  6
call   14 returned 1
        1:  221-block  7
branch 15 taken 1 (fallthrough)
branch 16 taken 0
        1:  221-block  8
call   17 returned 1
    $$$$$:  221-block  9
branch 18 never executed
branch 19 never executed
    $$$$$:  221-block 10
call   20 never executed
    $$$$$:  221-block 11
    $$$$$:  221-block 12
branch 21 never executed
branch 22 never executed
    $$$$$:  221-block 13
call   23 never executed
    $$$$$:  221-block 14
        1:  222:    }
        1:  222-block  0
call    0 returned 1
branch  1 taken 1 (fallthrough)
branch  2 taken 0 (throw)
    $$$$$:  222-block  1
call    3 never executed
        1:  223:    service.emptyContractService();
        1:  223-block  0
call    0 returned 1
branch  1 taken 1 (fallthrough)
branch  2 taken 0 (throw)
       1*:  224:    assert(service.getAllDisciplineFromContractService().empty());
        1:  224-block  0
call    0 returned 1
branch  1 taken 1 (fallthrough)
branch  2 taken 0 (throw)
        1:  224-block  1
call    3 returned 1
branch  4 taken 0 (fallthrough)
branch  5 taken 1
    %%%%%:  224-block  2
call    6 never executed
branch  7 never executed
branch  8 never executed
        1:  224-block  3
    %%%%%:  224-block  4
        1:  224-block  5
branch  9 taken 1 (fallthrough)
branch 10 taken 0
        1:  224-block  6
call   11 returned 1
    $$$$$:  224-block  7
branch 12 never executed
branch 13 never executed
    $$$$$:  224-block  8
call   14 never executed
    $$$$$:  224-block  9
        1:  225:}
        1:  225-block  0
call    0 returned 1
call    1 returned 1
call    2 returned 1
call    3 returned 1
call    4 returned 1
call    5 returned 1
    $$$$$:  225-block  1
call    6 never executed
    $$$$$:  225-block  2
call    7 never executed
    $$$$$:  225-block  3
call    8 never executed
    $$$$$:  225-block  4
call    9 never executed
    $$$$$:  225-block  5
call   10 never executed
    $$$$$:  225-block  6
call   11 never executed
        -:  226:
function _ZN5Tests9testeUndoEv called 1 returned 100% blocks executed 47%
        1:  227:void Tests::testeUndo() {
        1:  228:    Repo repo;
        1:  228-block  0
call    0 returned 1
        1:  229:    Contract contract;
call    0 returned 1
        1:  230:    Service service(repo, contract);
call    0 returned 1
        -:  231:
        -:  232:    try {
        1:  233:        service.undoService();
call    0 returned 1
branch  1 taken 0 (fallthrough)
branch  2 taken 1 (throw)
    #####:  234:        assert(false);
    %%%%%:  234-block  0
call    0 never executed
branch  1 never executed
branch  2 never executed
        1:  235:    }catch(ServiceException &ex){
        1:  235-block  0
branch  0 taken 0 (fallthrough)
branch  1 taken 1
        1:  235-block  1
call    2 returned 1
        1:  236:        assert(ex.getMesaj() == "Nu se mai poate da undo!\n");
call    0 returned 1
branch  1 taken 1 (fallthrough)
branch  2 taken 0 (throw)
        1:  236-block  0
call    3 returned 1
branch  4 taken 0 (fallthrough)
branch  5 taken 1
    $$$$$:  236-block  1
call    6 never executed
branch  7 never executed
branch  8 never executed
        1:  236-block  2
    $$$$$:  236-block  3
        1:  236-block  4
branch  9 taken 1 (fallthrough)
branch 10 taken 0
        1:  236-block  5
call   11 returned 1
    $$$$$:  236-block  6
branch 12 never executed
branch 13 never executed
    $$$$$:  236-block  7
call   14 never executed
    $$$$$:  236-block  8
        1:  237:    }
        1:  237-block  0
call    0 returned 1
branch  1 taken 1 (fallthrough)
branch  2 taken 0 (throw)
    $$$$$:  237-block  1
call    3 never executed
        -:  238:
        1:  239:    service.addService("a", 24, "a", "a");
        1:  239-block  0
call    0 returned 1
call    1 returned 1
branch  2 taken 1 (fallthrough)
branch  3 taken 0 (throw)
        1:  239-block  1
call    4 returned 1
call    5 returned 1
branch  6 taken 1 (fallthrough)
branch  7 taken 0 (throw)
        1:  239-block  2
call    8 returned 1
call    9 returned 1
branch 10 taken 1 (fallthrough)
branch 11 taken 0 (throw)
        1:  239-block  3
call   12 returned 1
branch 13 taken 1 (fallthrough)
branch 14 taken 0 (throw)
        1:  239-block  4
call   15 returned 1
call   16 returned 1
call   17 returned 1
call   18 returned 1
call   19 returned 1
call   20 returned 1
    $$$$$:  239-block  5
call   21 never executed
    $$$$$:  239-block  6
    $$$$$:  239-block  7
call   22 never executed
    $$$$$:  239-block  8
    $$$$$:  239-block  9
call   23 never executed
    $$$$$:  239-block 10
    $$$$$:  239-block 11
call   24 never executed
    $$$$$:  239-block 12
    $$$$$:  239-block 13
call   25 never executed
    $$$$$:  239-block 14
    $$$$$:  239-block 15
call   26 never executed
    $$$$$:  239-block 16
        1:  240:    service.addService("b", 14, "b", "b");
call    0 returned 1
call    1 returned 1
branch  2 taken 1 (fallthrough)
branch  3 taken 0 (throw)
        1:  240-block  0
call    4 returned 1
call    5 returned 1
branch  6 taken 1 (fallthrough)
branch  7 taken 0 (throw)
        1:  240-block  1
call    8 returned 1
call    9 returned 1
branch 10 taken 1 (fallthrough)
branch 11 taken 0 (throw)
        1:  240-block  2
call   12 returned 1
branch 13 taken 1 (fallthrough)
branch 14 taken 0 (throw)
        1:  240-block  3
call   15 returned 1
call   16 returned 1
call   17 returned 1
call   18 returned 1
call   19 returned 1
call   20 returned 1
    $$$$$:  240-block  4
call   21 never executed
    $$$$$:  240-block  5
    $$$$$:  240-block  6
call   22 never executed
    $$$$$:  240-block  7
    $$$$$:  240-block  8
call   23 never executed
    $$$$$:  240-block  9
    $$$$$:  240-block 10
call   24 never executed
    $$$$$:  240-block 11
    $$$$$:  240-block 12
call   25 never executed
    $$$$$:  240-block 13
    $$$$$:  240-block 14
call   26 never executed
    $$$$$:  240-block 15
        1:  241:    service.addService("c", 34, "c", "c");
call    0 returned 1
call    1 returned 1
branch  2 taken 1 (fallthrough)
branch  3 taken 0 (throw)
        1:  241-block  0
call    4 returned 1
call    5 returned 1
branch  6 taken 1 (fallthrough)
branch  7 taken 0 (throw)
        1:  241-block  1
call    8 returned 1
call    9 returned 1
branch 10 taken 1 (fallthrough)
branch 11 taken 0 (throw)
        1:  241-block  2
call   12 returned 1
branch 13 taken 1 (fallthrough)
branch 14 taken 0 (throw)
        1:  241-block  3
call   15 returned 1
call   16 returned 1
call   17 returned 1
call   18 returned 1
call   19 returned 1
call   20 returned 1
    $$$$$:  241-block  4
call   21 never executed
    $$$$$:  241-block  5
    $$$$$:  241-block  6
call   22 never executed
    $$$$$:  241-block  7
    $$$$$:  241-block  8
call   23 never executed
    $$$$$:  241-block  9
    $$$$$:  241-block 10
call   24 never executed
    $$$$$:  241-block 11
    $$$$$:  241-block 12
call   25 never executed
    $$$$$:  241-block 13
    $$$$$:  241-block 14
call   26 never executed
    $$$$$:  241-block 15
        -:  242:
       1*:  243:    assert(service.getAll().size() == 3);
call    0 returned 1
branch  1 taken 1 (fallthrough)
branch  2 taken 0 (throw)
        1:  243-block  0
call    3 returned 1
branch  4 taken 0 (fallthrough)
branch  5 taken 1
    %%%%%:  243-block  1
call    6 never executed
branch  7 never executed
branch  8 never executed
        1:  243-block  2
    %%%%%:  243-block  3
        1:  243-block  4
branch  9 taken 1 (fallthrough)
branch 10 taken 0
        1:  243-block  5
call   11 returned 1
    $$$$$:  243-block  6
branch 12 never executed
branch 13 never executed
    $$$$$:  243-block  7
call   14 never executed
    $$$$$:  243-block  8
        -:  244:
        1:  245:    service.undoService();
        1:  245-block  0
call    0 returned 1
branch  1 taken 1 (fallthrough)
branch  2 taken 0 (throw)
       1*:  246:    assert(service.getAll().size() == 2);
        1:  246-block  0
call    0 returned 1
branch  1 taken 1 (fallthrough)
branch  2 taken 0 (throw)
        1:  246-block  1
call    3 returned 1
branch  4 taken 0 (fallthrough)
branch  5 taken 1
    %%%%%:  246-block  2
call    6 never executed
branch  7 never executed
branch  8 never executed
        1:  246-block  3
    %%%%%:  246-block  4
        1:  246-block  5
branch  9 taken 1 (fallthrough)
branch 10 taken 0
        1:  246-block  6
call   11 returned 1
    $$$$$:  246-block  7
branch 12 never executed
branch 13 never executed
    $$$$$:  246-block  8
call   14 never executed
    $$$$$:  246-block  9
        -:  247:
        1:  248:    service.deleteService("b");
        1:  248-block  0
call    0 returned 1
call    1 returned 1
branch  2 taken 1 (fallthrough)
branch  3 taken 0 (throw)
        1:  248-block  1
call    4 returned 1
branch  5 taken 1 (fallthrough)
branch  6 taken 0 (throw)
        1:  248-block  2
call    7 returned 1
call    8 returned 1
    $$$$$:  248-block  3
call    9 never executed
    $$$$$:  248-block  4
    $$$$$:  248-block  5
call   10 never executed
    $$$$$:  248-block  6
       1*:  249:    assert(service.getAll().size() == 1);
call    0 returned 1
branch  1 taken 1 (fallthrough)
branch  2 taken 0 (throw)
        1:  249-block  0
call    3 returned 1
branch  4 taken 0 (fallthrough)
branch  5 taken 1
    %%%%%:  249-block  1
call    6 never executed
branch  7 never executed
branch  8 never executed
        1:  249-block  2
    %%%%%:  249-block  3
        1:  249-block  4
branch  9 taken 1 (fallthrough)
branch 10 taken 0
        1:  249-block  5
call   11 returned 1
    $$$$$:  249-block  6
branch 12 never executed
branch 13 never executed
    $$$$$:  249-block  7
call   14 never executed
    $$$$$:  249-block  8
        -:  250:
        1:  251:    service.undoService();
        1:  251-block  0
call    0 returned 1
branch  1 taken 1 (fallthrough)
branch  2 taken 0 (throw)
       1*:  252:    assert(service.getAll().size() == 2);
        1:  252-block  0
call    0 returned 1
branch  1 taken 1 (fallthrough)
branch  2 taken 0 (throw)
        1:  252-block  1
call    3 returned 1
branch  4 taken 0 (fallthrough)
branch  5 taken 1
    %%%%%:  252-block  2
call    6 never executed
branch  7 never executed
branch  8 never executed
        1:  252-block  3
    %%%%%:  252-block  4
        1:  252-block  5
branch  9 taken 1 (fallthrough)
branch 10 taken 0
        1:  252-block  6
call   11 returned 1
    $$$$$:  252-block  7
branch 12 never executed
branch 13 never executed
    $$$$$:  252-block  8
call   14 never executed
    $$$$$:  252-block  9
        -:  253:
        1:  254:    service.updateService("b", "zz", 312, "zz", "zz");
        1:  254-block  0
call    0 returned 1
call    1 returned 1
branch  2 taken 1 (fallthrough)
branch  3 taken 0 (throw)
        1:  254-block  1
call    4 returned 1
call    5 returned 1
branch  6 taken 1 (fallthrough)
branch  7 taken 0 (throw)
        1:  254-block  2
call    8 returned 1
call    9 returned 1
branch 10 taken 1 (fallthrough)
branch 11 taken 0 (throw)
        1:  254-block  3
call   12 returned 1
call   13 returned 1
branch 14 taken 1 (fallthrough)
branch 15 taken 0 (throw)
        1:  254-block  4
call   16 returned 1
branch 17 taken 1 (fallthrough)
branch 18 taken 0 (throw)
        1:  254-block  5
call   19 returned 1
call   20 returned 1
call   21 returned 1
call   22 returned 1
call   23 returned 1
call   24 returned 1
call   25 returned 1
call   26 returned 1
    $$$$$:  254-block  6
call   27 never executed
    $$$$$:  254-block  7
    $$$$$:  254-block  8
call   28 never executed
    $$$$$:  254-block  9
    $$$$$:  254-block 10
call   29 never executed
    $$$$$:  254-block 11
    $$$$$:  254-block 12
call   30 never executed
    $$$$$:  254-block 13
    $$$$$:  254-block 14
call   31 never executed
    $$$$$:  254-block 15
    $$$$$:  254-block 16
call   32 never executed
    $$$$$:  254-block 17
    $$$$$:  254-block 18
call   33 never executed
    $$$$$:  254-block 19
    $$$$$:  254-block 20
call   34 never executed
    $$$$$:  254-block 21
       1*:  255:    assert(service.getAll()[1].getDenumire() == "zz");
call    0 returned 1
branch  1 taken 1 (fallthrough)
branch  2 taken 0 (throw)
        1:  255-block  0
call    3 returned 1
call    4 returned 1
branch  5 taken 1 (fallthrough)
branch  6 taken 0 (throw)
        1:  255-block  1
call    7 returned 1
branch  8 taken 0 (fallthrough)
branch  9 taken 1
    %%%%%:  255-block  2
call   10 never executed
branch 11 never executed
branch 12 never executed
        1:  255-block  3
    %%%%%:  255-block  4
        1:  255-block  5
branch 13 taken 1 (fallthrough)
branch 14 taken 0
        1:  255-block  6
call   15 returned 1
        1:  255-block  7
branch 16 taken 1 (fallthrough)
branch 17 taken 0
        1:  255-block  8
call   18 returned 1
    $$$$$:  255-block  9
branch 19 never executed
branch 20 never executed
    $$$$$:  255-block 10
call   21 never executed
    $$$$$:  255-block 11
    $$$$$:  255-block 12
branch 22 never executed
branch 23 never executed
    $$$$$:  255-block 13
call   24 never executed
    $$$$$:  255-block 14
        -:  256:
        1:  257:    service.undoService();
        1:  257-block  0
call    0 returned 1
branch  1 taken 1 (fallthrough)
branch  2 taken 0 (throw)
       1*:  258:    assert(service.getAll()[1].getDenumire() == "b");
        1:  258-block  0
call    0 returned 1
branch  1 taken 1 (fallthrough)
branch  2 taken 0 (throw)
        1:  258-block  1
call    3 returned 1
call    4 returned 1
branch  5 taken 1 (fallthrough)
branch  6 taken 0 (throw)
        1:  258-block  2
call    7 returned 1
branch  8 taken 0 (fallthrough)
branch  9 taken 1
    %%%%%:  258-block  3
call   10 never executed
branch 11 never executed
branch 12 never executed
        1:  258-block  4
    %%%%%:  258-block  5
        1:  258-block  6
branch 13 taken 1 (fallthrough)
branch 14 taken 0
        1:  258-block  7
call   15 returned 1
        1:  258-block  8
branch 16 taken 1 (fallthrough)
branch 17 taken 0
        1:  258-block  9
call   18 returned 1
    $$$$$:  258-block 10
branch 19 never executed
branch 20 never executed
    $$$$$:  258-block 11
call   21 never executed
    $$$$$:  258-block 12
    $$$$$:  258-block 13
branch 22 never executed
branch 23 never executed
    $$$$$:  258-block 14
call   24 never executed
    $$$$$:  258-block 15
        1:  259:}
        1:  259-block  0
call    0 returned 1
call    1 returned 1
call    2 returned 1
    $$$$$:  259-block  1
call    3 never executed
    $$$$$:  259-block  2
call    4 never executed
    $$$$$:  259-block  3
call    5 never executed
