        -:    0:Source:C:/Users/EMANUEL/Desktop/OOP/Laborator_8_9/repositoryFile.h
        -:    0:Graph:C:\Users\EMANUEL\Desktop\OOP\Laborator_8_9\cmake-build-debug-coverage\CMakeFiles\Laborator_8_9.dir\tests.cpp.gcno
        -:    0:Data:C:\Users\EMANUEL\Desktop\OOP\Laborator_8_9\cmake-build-debug-coverage\CMakeFiles\Laborator_8_9.dir\tests.cpp.gcda
        -:    0:Runs:1
        -:    1:#pragma once
        -:    2:#include "repository.h"
        -:    3:#include <fstream>
        -:    4:
        -:    5:class RepoFile: public Repo {
        -:    6:private:
        -:    7:    void writeToFile();
        -:    8:    string fileName;
        -:    9:public:
function _ZN8RepoFileC1ENSt7__cxx1112basic_stringIcSt11char_traitsIcESaIcEEE called 0 returned 0% blocks executed 0%
    #####:   10:    explicit RepoFile(string fileName): Repo(), fileName { std::move(fileName) }{};
    %%%%%:   10-block  0
call    0 never executed
call    1 never executed
call    2 never executed
        -:   11:
        -:   12:    void addRepo(const Disciplina& disciplina) override;
        -:   13:
        -:   14:    void deleteRepo(const string& denumire) override;
        -:   15:
        -:   16:    void updateRepo(const string& denumire, const Disciplina& disciplinaNoua) override;
        -:   17:
        -:   18:};
