        -:    0:Source:C:/Users/EMANUEL/Desktop/OOP/Laborator_8_9/Contract.h
        -:    0:Graph:C:\Users\EMANUEL\Desktop\OOP\Laborator_8_9\cmake-build-debug-coverage\CMakeFiles\Laborator_8_9.dir\tests.cpp.gcno
        -:    0:Data:C:\Users\EMANUEL\Desktop\OOP\Laborator_8_9\cmake-build-debug-coverage\CMakeFiles\Laborator_8_9.dir\tests.cpp.gcda
        -:    0:Runs:1
        -:    1:#pragma once
        -:    2:#include "domain.h"
        -:    3:#include "repository.h"
        -:    4:#include <vector>
        -:    5:#include <random>
        -:    6:#include <algorithm>
        -:    7:#include <fstream>
        -:    8:
        -:    9:using std::vector;
        -:   10:
        -:   11:class Contract {
        -:   12:private:
        -:   13:    vector<Disciplina> contract;
        -:   14:public:
function _ZN8ContractC1Ev called 0 returned 0% blocks executed 0%
    #####:   15:    Contract() = default;
    %%%%%:   15-block  0
call    0 never executed
        -:   16:
        -:   17:    Contract(const Contract& ot) = delete;
        -:   18:
        -:   19:    void addToContract(const Disciplina& disciplina);
        -:   20:
        -:   21:    virtual void emptyContract();
        -:   22:
        -:   23:    void generateContract(int nrDiscipline, const vector<Disciplina>& allDiscipline);
        -:   24:
        -:   25:    const vector<Disciplina>& getAll();
        -:   26:
        -:   27:    void deleteDisciplinaDinContract(const string& denumire);
        -:   28:
        -:   29:    void updateDisciplinaDinContract(const string& denumire, const Disciplina& disciplinaNoua);
        -:   30:
        -:   31:    void exportContractToFileCSV(const string& fileName);
        -:   32:
        -:   33:    void exportContractToFileHTML(const string& fileName);
        -:   34:};
