        -:    0:Source:C:/Users/EMANUEL/Desktop/OOP/Laborator_8_9/undo.cpp
        -:    0:Graph:C:\Users\EMANUEL\Desktop\OOP\Laborator_8_9\cmake-build-debug-coverage\CMakeFiles\Laborator_8_9.dir\undo.cpp.gcno
        -:    0:Data:C:\Users\EMANUEL\Desktop\OOP\Laborator_8_9\cmake-build-debug-coverage\CMakeFiles\Laborator_8_9.dir\undo.cpp.gcda
        -:    0:Runs:1
        -:    1:#include "undo.h"
        -:    2:
function _ZN10UndoAdauga6doUndoEv called 1 returned 100% blocks executed 71%
        1:    3:void UndoAdauga::doUndo() {
        1:    4:    repo.deleteRepo(disciplinaAdaugata.getDenumire());
        1:    4-block  0
call    0 returned 1
call    1 returned 1
branch  2 taken 1 (fallthrough)
branch  3 taken 0 (throw)
        1:    4-block  1
call    4 returned 1
    $$$$$:    4-block  2
call    5 never executed
        1:    5:}
        -:    6:
function _ZN10UndoSterge6doUndoEv called 1 returned 100% blocks executed 100%
        1:    7:void UndoSterge::doUndo() {
        1:    8:    repo.addRepo(disciplinaStearsa);
        1:    8-block  0
call    0 returned 1
        1:    9:}
        -:   10:
function _ZN12UndoModifica6doUndoEv called 1 returned 100% blocks executed 71%
        1:   11:void UndoModifica::doUndo() {
        1:   12:    repo.updateRepo(disciplinaNoua.getDenumire(), disciplinaVeche);
        1:   12-block  0
call    0 returned 1
call    1 returned 1
branch  2 taken 1 (fallthrough)
branch  3 taken 0 (throw)
        1:   12-block  1
call    4 returned 1
    $$$$$:   12-block  2
call    5 never executed
        1:   13:}
