        -:    0:Source:C:/Users/EMANUEL/Desktop/OOP/Laborator_8_9/validare.cpp
        -:    0:Graph:C:\Users\EMANUEL\Desktop\OOP\Laborator_8_9\cmake-build-debug-coverage\CMakeFiles\Laborator_8_9.dir\validare.cpp.gcno
        -:    0:Data:C:\Users\EMANUEL\Desktop\OOP\Laborator_8_9\cmake-build-debug-coverage\CMakeFiles\Laborator_8_9.dir\validare.cpp.gcda
        -:    0:Runs:1
        -:    1:#include "validare.h"
        -:    2:
        -:    3:using std::vector;
        -:    4:
function _ZN18ValidareDisciplina8validateERK10Disciplina called 21 returned 95% blocks executed 85%
       21:    5:void  ValidareDisciplina::validate(const Disciplina& d) {
       21:    6:    vector<string> msgs;
       21:    6-block  0
call    0 returned 21
       21:    7:    if (d.getDenumire().empty()) msgs.emplace_back("Denumire invalida!");
call    0 returned 21
branch  1 taken 21 (fallthrough)
branch  2 taken 0 (throw)
       21:    7-block  0
call    3 returned 21
call    4 returned 21
branch  5 taken 1 (fallthrough)
branch  6 taken 20
        1:    7-block  1
call    7 returned 1
branch  8 taken 1 (fallthrough)
branch  9 taken 0 (throw)
      21*:    8:    if (d.getOrePeSaptamana() < 0) msgs.emplace_back("Numar ore negativ!");
       21:    8-block  0
call    0 returned 21
branch  1 taken 21 (fallthrough)
branch  2 taken 0 (throw)
       21:    8-block  1
branch  3 taken 0 (fallthrough)
branch  4 taken 21
    %%%%%:    8-block  2
call    5 never executed
branch  6 never executed
branch  7 never executed
       21:    9:    if (d.getOrePeSaptamana() == 0) msgs.emplace_back("Numar ore invalid!");
       21:    9-block  0
call    0 returned 21
branch  1 taken 21 (fallthrough)
branch  2 taken 0 (throw)
       21:    9-block  1
branch  3 taken 1 (fallthrough)
branch  4 taken 20
        1:    9-block  2
call    5 returned 1
branch  6 taken 1 (fallthrough)
branch  7 taken 0 (throw)
      21*:   10:    if (d.getTip().empty()) msgs.emplace_back("Tip invalid!");
       21:   10-block  0
call    0 returned 21
branch  1 taken 21 (fallthrough)
branch  2 taken 0 (throw)
       21:   10-block  1
call    3 returned 21
call    4 returned 21
branch  5 taken 0 (fallthrough)
branch  6 taken 21
    %%%%%:   10-block  2
call    7 never executed
branch  8 never executed
branch  9 never executed
      21*:   11:    if (d.getProfesor().empty()) msgs.emplace_back("Profesor invalid!");
       21:   11-block  0
call    0 returned 21
branch  1 taken 21 (fallthrough)
branch  2 taken 0 (throw)
       21:   11-block  1
call    3 returned 21
call    4 returned 21
branch  5 taken 0 (fallthrough)
branch  6 taken 21
    %%%%%:   11-block  2
call    7 never executed
branch  8 never executed
branch  9 never executed
       21:   12:    if (!msgs.empty()) {
       21:   12-block  0
call    0 returned 21
branch  1 taken 1 (fallthrough)
branch  2 taken 20
        1:   13:        throw ValidateException(msgs);
        1:   13-block  0
call    0 returned 1
call    1 returned 1
branch  2 taken 1 (fallthrough)
branch  3 taken 0 (throw)
        1:   13-block  1
call    4 returned 1
    $$$$$:   13-block  2
call    5 never executed
        -:   14:    }
       21:   15:}
       20:   15-block  0
call    0 returned 20
        1:   15-block  1
call    1 returned 1
