        -:    0:Source:C:/Users/EMANUEL/Desktop/OOP/Laborator_2-4/main.c
        -:    0:Graph:C:\Users\EMANUEL\Desktop\OOP\Laborator_2-4\cmake-build-debug-coverage\CMakeFiles\Laborator_2_4.dir\main.c.gcno
        -:    0:Data:C:\Users\EMANUEL\Desktop\OOP\Laborator_2-4\cmake-build-debug-coverage\CMakeFiles\Laborator_2_4.dir\main.c.gcda
        -:    0:Runs:1
        -:    1:#include "tests.h"
        -:    2:#include "ui.h"
        -:    3:
function main called 1 returned 100% blocks executed 100%
        1:    4:int main(){
        1:    5:    runAll(); // se ruleaza testele
        1:    5-block  0
call    0 returned 1
        -:    6://    meniu();
        -:    7://    run();
        -:    8:}
