        -:    0:Source:C:/Users/EMANUEL/Desktop/OOP/Laborator_2-4/validate.c
        -:    0:Graph:C:\Users\EMANUEL\Desktop\OOP\Laborator_2-4\cmake-build-debug-coverage\CMakeFiles\Laborator_2_4.dir\validate.c.gcno
        -:    0:Data:C:\Users\EMANUEL\Desktop\OOP\Laborator_2-4\cmake-build-debug-coverage\CMakeFiles\Laborator_2_4.dir\validate.c.gcda
        -:    0:Runs:1
        -:    1:#include "validate.h"
        -:    2:#include "domain.h"
        -:    3:#include <string.h>
        -:    4:
function validate called 14 returned 100% blocks executed 100%
       14:    5:int validate(Offer o){
       14:    6:    if(strlen(o.type) == 0){
       14:    6-block  0
branch  0 taken 1 (fallthrough)
branch  1 taken 13
        1:    7:        return 1;
        1:    7-block  0
        -:    8:    }
       13:    9:    if(o.area < 0){
       13:    9-block  0
branch  0 taken 1 (fallthrough)
branch  1 taken 12
        1:   10:        return 2;
        1:   10-block  0
        -:   11:    }
       12:   12:    if(strlen(o.address) == 0){
       12:   12-block  0
branch  0 taken 1 (fallthrough)
branch  1 taken 11
        1:   13:        return 3;
        1:   13-block  0
        -:   14:    }
       11:   15:    if(o.price < 0){
       11:   15-block  0
branch  0 taken 1 (fallthrough)
branch  1 taken 10
        1:   16:        return 4;
        1:   16-block  0
        -:   17:    }
       10:   18:    return 0;
       10:   18-block  0
        -:   19:}
