        -:    0:Source:C:/Users/EMANUEL/Desktop/OOP/Laborator_6_7/domain.cpp
        -:    0:Graph:C:\Users\EMANUEL\Desktop\OOP\Laborator_6_7\cmake-build-debug-coverage\CMakeFiles\Laborator_6_7.dir\domain.cpp.gcno
        -:    0:Data:C:\Users\EMANUEL\Desktop\OOP\Laborator_6_7\cmake-build-debug-coverage\CMakeFiles\Laborator_6_7.dir\domain.cpp.gcda
        -:    0:Runs:1
        -:    1:#include "domain.h"
        -:    2:
        -:    3:
function _ZNK10Disciplina11getDenumireB5cxx11Ev called 71 returned 100% blocks executed 100%
       71:    4:string Disciplina::getDenumire() const{
       71:    5:    return denumire;
       71:    5-block  0
call    0 returned 71
        -:    6:}
        -:    7:
function _ZNK10Disciplina17getOrePeSaptamanaEv called 151 returned 100% blocks executed 100%
      151:    8:int Disciplina::getOrePeSaptamana() const{
      151:    9:    return ore;
      151:    9-block  0
        -:   10:}
        -:   11:
function _ZNK10Disciplina6getTipB5cxx11Ev called 36 returned 100% blocks executed 100%
       36:   12:string Disciplina::getTip() const{
       36:   13:    return tip;
       36:   13-block  0
call    0 returned 36
        -:   14:}
        -:   15:
function _ZNK10Disciplina11getProfesorB5cxx11Ev called 28 returned 100% blocks executed 100%
       28:   16:string Disciplina::getProfesor() const {
       28:   17:    return profesor;
       28:   17-block  0
call    0 returned 28
        -:   18:}
        -:   19:
function _ZN10Disciplina11setDenumireERKNSt7__cxx1112basic_stringIcSt11char_traitsIcESaIcEEE called 1 returned 100% blocks executed 100%
        1:   20:void Disciplina::setDenumire(const string& denumireNoua) {
        1:   21:    denumire = denumireNoua;
        1:   21-block  0
call    0 returned 1
        1:   22:}
        -:   23:
function _ZN10Disciplina17setOrePeSaptamanaEi called 1 returned 100% blocks executed 100%
        1:   24:void Disciplina::setOrePeSaptamana(int nrOreNou){
        1:   25:    ore = nrOreNou;
        1:   26:}
        -:   27:
function _ZN10Disciplina6setTipERKNSt7__cxx1112basic_stringIcSt11char_traitsIcESaIcEEE called 1 returned 100% blocks executed 100%
        1:   28:void Disciplina::setTip(const string& tipNou){
        1:   29:    tip = tipNou;
        1:   29-block  0
call    0 returned 1
        1:   30:}
        -:   31:
function _ZN10Disciplina11setProfesorERKNSt7__cxx1112basic_stringIcSt11char_traitsIcESaIcEEE called 1 returned 100% blocks executed 100%
        1:   32:void Disciplina::setProfesor(const string& profesorNou){
        1:   33:    profesor = profesorNou;
        1:   33-block  0
call    0 returned 1
        1:   34:}
        -:   35:
function _ZN10Disciplina11cmpDenumireERKS_S1_ called 6 returned 100% blocks executed 80%
        6:   36:bool Disciplina::cmpDenumire(const Disciplina& d1, const Disciplina& d2) {
        6:   37:    return d1.getDenumire() < d2.getDenumire();
        6:   37-block  0
call    0 returned 6
call    1 returned 6
branch  2 taken 6 (fallthrough)
branch  3 taken 0 (throw)
        6:   37-block  1
call    4 returned 6
call    5 returned 6
call    6 returned 6
        6:   37-block  2
    $$$$$:   37-block  3
call    7 never executed
        -:   38:}
        -:   39:
function _ZN10Disciplina8cmpNrOreERKS_S1_ called 6 returned 100% blocks executed 100%
        6:   40:bool Disciplina::cmpNrOre(const Disciplina& d1, const Disciplina& d2) {
        6:   41:    return d1.getOrePeSaptamana() < d2.getOrePeSaptamana();
        6:   41-block  0
call    0 returned 6
call    1 returned 6
        -:   42:}
