        -:    0:Source:C:/Users/EMANUEL/Desktop/OOP/Laborator_6_7/main.cpp
        -:    0:Graph:C:\Users\EMANUEL\Desktop\OOP\Laborator_6_7\cmake-build-debug-coverage\CMakeFiles\Laborator_6_7.dir\main.cpp.gcno
        -:    0:Data:C:\Users\EMANUEL\Desktop\OOP\Laborator_6_7\cmake-build-debug-coverage\CMakeFiles\Laborator_6_7.dir\main.cpp.gcda
        -:    0:Runs:1
        -:    1:#include "repository.h"
        -:    2:#include "service.h"
        -:    3:#include "ui.h"
        -:    4:#include "tests.h"
        -:    5:
function main called 1 returned 100% blocks executed 80%
        1:    6:int main(){
        -:    7:
        -:    8:
        1:    9:    Repo repo;
        1:    9-block  0
call    0 returned 1
branch  1 taken 1 (fallthrough)
branch  2 taken 0 (throw)
        1:   10:    Service service(repo);
        1:   10-block  0
call    0 returned 1
        1:   11:    Ui ui(service);
call    0 returned 1
        -:   12:
        1:   13:    Tests::runAllTeste();
call    0 returned 1
branch  1 taken 1 (fallthrough)
branch  2 taken 0 (throw)
        -:   14:
        -:   15://    Ui::menu();
        -:   16://    ui.runUi();
        1:   17:    return 0;
        1:   18:}
        1:   18-block  0
call    0 returned 1
    $$$$$:   18-block  1
call    1 never executed
