        -:    0:Source:C:/Users/EMANUEL/Desktop/OOP/Laborator_6_7/exceptions.h
        -:    0:Graph:C:\Users\EMANUEL\Desktop\OOP\Laborator_6_7\cmake-build-debug-coverage\CMakeFiles\Laborator_6_7.dir\repository.cpp.gcno
        -:    0:Data:C:\Users\EMANUEL\Desktop\OOP\Laborator_6_7\cmake-build-debug-coverage\CMakeFiles\Laborator_6_7.dir\repository.cpp.gcda
        -:    0:Runs:1
        -:    1:#pragma once
        -:    2:#include <string>
        -:    3:#include <sstream>
        -:    4:#include <vector>
        -:    5:
        -:    6:using std::string;
        -:    7:using std::vector;
        -:    8:using std::ostream;
        -:    9:
        -:   10:using std::string;
        -:   11:
        -:   12:class RepoException:public std::exception{
        -:   13:    string mesaj;
        -:   14:public:
function _ZN13RepoExceptionC1ENSt7__cxx1112basic_stringIcSt11char_traitsIcESaIcEEE called 4 returned 100% blocks executed 100%
        4:   15:    explicit RepoException(string mesaj): mesaj { std::move(mesaj) }{}
        4:   15-block  0
call    0 returned 4
call    1 returned 4
call    2 returned 4
        -:   16:
        -:   17:    string getMesaj();
        -:   18:};
        -:   19:
        -:   20:class ValidateException:public std::exception {
        -:   21:    vector<string> mesaje;
        -:   22:public:
        -:   23:    explicit ValidateException(const vector<string>& errors) :mesaje{ errors } {}
        -:   24:    // functie friend (vreau sa folosesc membru privat mesaje)
        -:   25:    friend ostream& operator << (ostream& out, const ValidateException& ex);
        -:   26:};
        -:   27:
        -:   28:ostream& operator << (ostream& out, const ValidateException& ex);
