        -:    0:Source:C:/Users/EMANUEL/Desktop/OOP/Laborator_6_7/repository.cpp
        -:    0:Graph:C:\Users\EMANUEL\Desktop\OOP\Laborator_6_7\cmake-build-debug-coverage\CMakeFiles\Laborator_6_7.dir\repository.cpp.gcno
        -:    0:Data:C:\Users\EMANUEL\Desktop\OOP\Laborator_6_7\cmake-build-debug-coverage\CMakeFiles\Laborator_6_7.dir\repository.cpp.gcda
        -:    0:Runs:1
        -:    1:#include "repository.h"
        -:    2:#include "exceptions.h"
        -:    3:
function _ZN4Repo7addRepoERK10Disciplina called 12 returned 92% blocks executed 73%
       12:    4:void Repo::addRepo(const Disciplina& disciplina) {
       22:    5:    for (const auto& d: discipline) {
       12:    5-block  0
call    0 returned 12
call    1 returned 12
       11:    5-block  1
call    2 returned 11
branch  3 taken 11 (fallthrough)
branch  4 taken 0 (throw)
       10:    5-block  2
call    5 returned 10
branch  6 taken 10 (fallthrough)
branch  7 taken 0 (throw)
       22:    5-block  3
call    8 returned 22
branch  9 taken 11
branch 10 taken 11 (fallthrough)
       11:    6:        if (d.getDenumire() == disciplina.getDenumire()) {
       11:    6-block  0
call    0 returned 11
branch  1 taken 11 (fallthrough)
branch  2 taken 0 (throw)
       11:    6-block  1
call    3 returned 11
branch  4 taken 11 (fallthrough)
branch  5 taken 0 (throw)
       11:    6-block  2
call    6 returned 11
call    7 returned 11
call    8 returned 11
branch  9 taken 1 (fallthrough)
branch 10 taken 10
    $$$$$:    6-block  3
call   11 never executed
    $$$$$:    6-block  4
        1:    7:            throw RepoException("Disciplina deja existenta!\n");
        1:    7-block  0
call    0 returned 1
call    1 returned 1
call    2 returned 1
branch  3 taken 1 (fallthrough)
branch  4 taken 0 (throw)
        1:    7-block  1
call    5 returned 1
call    6 returned 1
call    7 returned 1
call    8 returned 1
    $$$$$:    7-block  2
call    9 never executed
    $$$$$:    7-block  3
    $$$$$:    7-block  4
call   10 never executed
        -:    8:        }
        -:    9:    }
       11:   10:    discipline.push_back(disciplina);
       11:   10-block  0
call    0 returned 11
       11:   11:}
        -:   12:
function _ZN4Repo10deleteRepoERKNSt7__cxx1112basic_stringIcSt11char_traitsIcESaIcEEE called 7 returned 86% blocks executed 81%
        7:   13:void Repo::deleteRepo(const string& denumire) {
        7:   14:    int poz = -1;
        8:   15:    for (const auto& d : discipline) {
        7:   15-block  0
call    0 returned 7
call    1 returned 7
        7:   15-block  1
call    2 returned 7
branch  3 taken 7 (fallthrough)
branch  4 taken 0 (throw)
        1:   15-block  2
call    5 returned 1
branch  6 taken 1 (fallthrough)
branch  7 taken 0 (throw)
        8:   15-block  3
call    8 returned 8
branch  9 taken 7
branch 10 taken 1 (fallthrough)
        7:   16:        poz++;
        7:   17:        if (d.getDenumire() == denumire) {
        7:   17-block  0
call    0 returned 7
branch  1 taken 7 (fallthrough)
branch  2 taken 0 (throw)
        7:   17-block  1
call    3 returned 7
call    4 returned 7
branch  5 taken 6 (fallthrough)
branch  6 taken 1
        6:   18:                discipline.erase(poz);
        6:   18-block  0
call    0 returned 6
branch  1 taken 6 (fallthrough)
branch  2 taken 0 (throw)
        6:   19:                return;
        6:   19-block  0
        6:   19-block  1
        -:   20:        }
        -:   21:    }
        1:   22:    throw RepoException("Disciplina inexistenta!\n");
        1:   22-block  0
call    0 returned 1
call    1 returned 1
call    2 returned 1
branch  3 taken 1 (fallthrough)
branch  4 taken 0 (throw)
        1:   22-block  1
call    5 returned 1
call    6 returned 1
call    7 returned 1
call    8 returned 0
    $$$$$:   22-block  2
call    9 never executed
    $$$$$:   22-block  3
    $$$$$:   22-block  4
call   10 never executed
        -:   23:}
        -:   24:
function _ZN4Repo10updateRepoERKNSt7__cxx1112basic_stringIcSt11char_traitsIcESaIcEEERK10Disciplina called 3 returned 67% blocks executed 81%
        3:   25:void Repo::updateRepo(const string& denumire, const Disciplina& disciplinaNoua){
        3:   26:    int poz = -1;
        4:   27:    for (const auto& d : discipline) {
        3:   27-block  0
call    0 returned 3
call    1 returned 3
        3:   27-block  1
call    2 returned 3
branch  3 taken 3 (fallthrough)
branch  4 taken 0 (throw)
        1:   27-block  2
call    5 returned 1
branch  6 taken 1 (fallthrough)
branch  7 taken 0 (throw)
        4:   27-block  3
call    8 returned 4
branch  9 taken 3
branch 10 taken 1 (fallthrough)
        3:   28:        poz++;
        3:   29:        if (d.getDenumire() == denumire){
        3:   29-block  0
call    0 returned 3
branch  1 taken 3 (fallthrough)
branch  2 taken 0 (throw)
        3:   29-block  1
call    3 returned 3
call    4 returned 3
branch  5 taken 2 (fallthrough)
branch  6 taken 1
        2:   30:            discipline.insert(poz, disciplinaNoua);
        2:   30-block  0
call    0 returned 2
branch  1 taken 2 (fallthrough)
branch  2 taken 0 (throw)
        2:   31:            return;
        2:   31-block  0
        2:   31-block  1
        -:   32:        }
        -:   33:    }
        1:   34:    throw RepoException("Disciplina inexistenta!\n");
        1:   34-block  0
call    0 returned 1
call    1 returned 1
call    2 returned 1
branch  3 taken 1 (fallthrough)
branch  4 taken 0 (throw)
        1:   34-block  1
call    5 returned 1
call    6 returned 1
call    7 returned 1
call    8 returned 0
    $$$$$:   34-block  2
call    9 never executed
    $$$$$:   34-block  3
    $$$$$:   34-block  4
call   10 never executed
        -:   35:}
        -:   36:
function _ZN4Repo10searchRepoERKNSt7__cxx1112basic_stringIcSt11char_traitsIcESaIcEEE called 2 returned 50% blocks executed 77%
        2:   37:Disciplina Repo::searchRepo(const std::string &denumire) {
       2*:   38:    for (const auto& d: discipline){
        2:   38-block  0
call    0 returned 2
call    1 returned 2
        1:   38-block  1
call    2 returned 1
branch  3 taken 1 (fallthrough)
branch  4 taken 0 (throw)
    %%%%%:   38-block  2
call    5 never executed
branch  6 never executed
branch  7 never executed
        2:   38-block  3
call    8 returned 2
branch  9 taken 1
branch 10 taken 1 (fallthrough)
        1:   39:        if (d.getDenumire() == denumire){
        1:   39-block  0
call    0 returned 1
branch  1 taken 1 (fallthrough)
branch  2 taken 0 (throw)
        1:   39-block  1
call    3 returned 1
call    4 returned 1
branch  5 taken 1 (fallthrough)
branch  6 taken 0
        1:   40:            return d;
        1:   40-block  0
call    0 returned 1
branch  1 taken 1 (fallthrough)
branch  2 taken 0 (throw)
        1:   40-block  1
        1:   40-block  2
        -:   41:        }
        -:   42:    }
        1:   43:    throw RepoException("Disciplina inexistenta!\n");
        1:   43-block  0
call    0 returned 1
call    1 returned 1
call    2 returned 1
branch  3 taken 1 (fallthrough)
branch  4 taken 0 (throw)
        1:   43-block  1
call    5 returned 1
call    6 returned 1
call    7 returned 1
call    8 returned 0
    $$$$$:   43-block  2
call    9 never executed
    $$$$$:   43-block  3
    $$$$$:   43-block  4
call   10 never executed
        -:   44:}
