        -:    0:Source:C:/Users/EMANUEL/Desktop/OOP/Laborator_6_7/repository.h
        -:    0:Graph:C:\Users\EMANUEL\Desktop\OOP\Laborator_6_7\cmake-build-debug-coverage\CMakeFiles\Laborator_6_7.dir\service.cpp.gcno
        -:    0:Data:C:\Users\EMANUEL\Desktop\OOP\Laborator_6_7\cmake-build-debug-coverage\CMakeFiles\Laborator_6_7.dir\service.cpp.gcda
        -:    0:Runs:1
        -:    1:#pragma once
        -:    2:#include "domain.h"
        -:    3:#include "VectorDinamicTemplate.h"
        -:    4:
        -:    5:
        -:    6:class Repo {
        -:    7:
        -:    8:private:
        -:    9:    VectDinNewDeleteT<Disciplina> discipline;
        -:   10:public:
        -:   11:
        -:   12:    Repo(const Repo& ot) = delete;
        -:   13:    Repo() = default;
        -:   14:
function _ZN4Repo6getAllEv called 24 returned 100% blocks executed 100%
       24:   15:    const VectDinNewDeleteT<Disciplina>& getAll(){
       24:   16:        return discipline;
       24:   16-block  0
        -:   17:    }
        -:   18:
        -:   19:    void addRepo(const Disciplina& disciplina);
        -:   20:
        -:   21:    void deleteRepo(const string& denumire);
        -:   22:
        -:   23:    void updateRepo(const string& denumire, const Disciplina& disciplinaNoua);
        -:   24:
        -:   25:    Disciplina searchRepo(const string& denumire);
        -:   26:};
