        -:    0:Source:C:/Users/EMANUEL/Desktop/OOP/Laborator_6_7/service.h
        -:    0:Graph:C:\Users\EMANUEL\Desktop\OOP\Laborator_6_7\cmake-build-debug-coverage\CMakeFiles\Laborator_6_7.dir\tests.cpp.gcno
        -:    0:Data:C:\Users\EMANUEL\Desktop\OOP\Laborator_6_7\cmake-build-debug-coverage\CMakeFiles\Laborator_6_7.dir\tests.cpp.gcda
        -:    0:Runs:1
        -:    1:#pragma once
        -:    2:#include <string>
        -:    3:#include "repository.h"
        -:    4:#include <functional>
        -:    5:#include "validare.h"
        -:    6:
        -:    7:using std::string;
        -:    8:using std::function;
        -:    9:
        -:   10:class Service {
        -:   11:
        -:   12:    VectDinNewDeleteT<Disciplina> filter(const function<bool(const Disciplina&)>& fct);
        -:   13:
        -:   14:    VectDinNewDeleteT<Disciplina> generalSort(bool (*fct)(const Disciplina&, const Disciplina&));
        -:   15:
        -:   16:public:
        -:   17:    Repo &repo;
        -:   18:
function _ZN7ServiceC1ER4Repo called 0 returned 0% blocks executed 0%
    #####:   19:    explicit Service(Repo& repo) :repo{ repo }{}
        -:   20:
        -:   21:    Service(const Service& ot) = delete;
        -:   22:
        -:   23:    VectDinNewDeleteT<Disciplina> getAll();
        -:   24:
        -:   25:    void addService(const string& denumire, int ore, const string& tip, const string& profesor);
        -:   26:
        -:   27:    void deleteService(const string& denumire);
        -:   28:
        -:   29:    void updateService(const string& denumire, const string& denumireNoua, int nrOreNou, const string& tipNou, const string& profesorNou);
        -:   30:
        -:   31:    Disciplina searchService(const string& denumire);
        -:   32:
        -:   33:    VectDinNewDeleteT<Disciplina> filterNrOre(int nrOre);
        -:   34:
        -:   35:    VectDinNewDeleteT<Disciplina> filterProfesor(const string& profesor);
        -:   36:
        -:   37:    VectDinNewDeleteT<Disciplina> sortByDenumire();
        -:   38:
        -:   39:    VectDinNewDeleteT<Disciplina> sortByNrOre();
        -:   40:
        -:   41:    VectDinNewDeleteT<Disciplina> sortByTipProfesor();
        -:   42:};
        -:   43:
