        -:    0:Source:C:/Users/EMANUEL/Desktop/OOP/Laborator_6_7/ui.cpp
        -:    0:Graph:C:\Users\EMANUEL\Desktop\OOP\Laborator_6_7\cmake-build-debug-coverage\CMakeFiles\Laborator_6_7.dir\ui.cpp.gcno
        -:    0:Data:C:\Users\EMANUEL\Desktop\OOP\Laborator_6_7\cmake-build-debug-coverage\CMakeFiles\Laborator_6_7.dir\ui.cpp.gcda
        -:    0:Runs:1
        -:    1:#include "ui.h"
        -:    2:#include "exceptions.h"
        -:    3:#include <iostream>
        -:    4:
        -:    5:using std::cin;
        -:    6:using std::cout;
        -:    7:using std::string;
        -:    8:
function _ZN2Ui5addUiEv called 0 returned 0% blocks executed 0%
    #####:    9:void Ui::addUi() {
    #####:   10:    string denumire, tip, profesor, character;
    %%%%%:   10-block  0
call    0 never executed
call    1 never executed
call    2 never executed
call    3 never executed
        -:   11:    int ore;
        -:   12:
    #####:   13:    cout << "Denumire: ";
call    0 never executed
branch  1 never executed
branch  2 never executed
    #####:   14:    cin >> denumire;
    %%%%%:   14-block  0
call    0 never executed
branch  1 never executed
branch  2 never executed
        -:   15:
    #####:   16:    cout << "Numar ore: ";
    %%%%%:   16-block  0
call    0 never executed
branch  1 never executed
branch  2 never executed
    #####:   17:    cin >> ore;
    %%%%%:   17-block  0
call    0 never executed
branch  1 never executed
branch  2 never executed
        -:   18:
    #####:   19:    cout << "Tip: ";
    %%%%%:   19-block  0
call    0 never executed
branch  1 never executed
branch  2 never executed
    #####:   20:    cin >> tip;
    %%%%%:   20-block  0
call    0 never executed
branch  1 never executed
branch  2 never executed
        -:   21:
    #####:   22:    cout << "Profesor: ";
    %%%%%:   22-block  0
call    0 never executed
branch  1 never executed
branch  2 never executed
    #####:   23:    cin >> profesor;
    %%%%%:   23-block  0
call    0 never executed
branch  1 never executed
branch  2 never executed
        -:   24:
    #####:   25:    service.addService(denumire, ore, tip, profesor);
    %%%%%:   25-block  0
call    0 never executed
branch  1 never executed
branch  2 never executed
    #####:   26:    cout << "Disciplina adaugata!\n";
    %%%%%:   26-block  0
call    0 never executed
branch  1 never executed
branch  2 never executed
    #####:   27:}
    %%%%%:   27-block  0
call    0 never executed
call    1 never executed
call    2 never executed
call    3 never executed
    $$$$$:   27-block  1
call    4 never executed
    $$$$$:   27-block  2
call    5 never executed
    $$$$$:   27-block  3
call    6 never executed
    $$$$$:   27-block  4
call    7 never executed
        -:   28:
function _ZN2Ui8deleteUiEv called 0 returned 0% blocks executed 0%
    #####:   29:void Ui::deleteUi() {
    #####:   30:    string denumire;
    %%%%%:   30-block  0
call    0 never executed
    #####:   31:    cout << "Denumire: ";
call    0 never executed
branch  1 never executed
branch  2 never executed
    #####:   32:    cin >> denumire;
    %%%%%:   32-block  0
call    0 never executed
branch  1 never executed
branch  2 never executed
    #####:   33:    service.deleteService(denumire);
    %%%%%:   33-block  0
call    0 never executed
branch  1 never executed
branch  2 never executed
    #####:   34:    cout << "Disciplina stearsa cu succes!\n";
    %%%%%:   34-block  0
call    0 never executed
branch  1 never executed
branch  2 never executed
    #####:   35:}
    %%%%%:   35-block  0
call    0 never executed
    $$$$$:   35-block  1
call    1 never executed
        -:   36:
function _ZN2Ui8updateUiEv called 0 returned 0% blocks executed 0%
    #####:   37:void Ui::updateUi() {
    #####:   38:    string denumire, denumireNoua, tipNou, profesorNou;
    %%%%%:   38-block  0
call    0 never executed
call    1 never executed
call    2 never executed
call    3 never executed
        -:   39:    int nrOreNou;
        -:   40:
    #####:   41:    cout << "Denumire: ";
call    0 never executed
branch  1 never executed
branch  2 never executed
    #####:   42:    cin >> denumire;
    %%%%%:   42-block  0
call    0 never executed
branch  1 never executed
branch  2 never executed
        -:   43:
    #####:   44:    cout << "Denumire noua: ";
    %%%%%:   44-block  0
call    0 never executed
branch  1 never executed
branch  2 never executed
    #####:   45:    cin >> denumireNoua;
    %%%%%:   45-block  0
call    0 never executed
branch  1 never executed
branch  2 never executed
        -:   46:
    #####:   47:    cout << "Numar ore nou: ";
    %%%%%:   47-block  0
call    0 never executed
branch  1 never executed
branch  2 never executed
    #####:   48:    cin >> nrOreNou;
    %%%%%:   48-block  0
call    0 never executed
branch  1 never executed
branch  2 never executed
        -:   49:
    #####:   50:    cout << "Tip nou: ";
    %%%%%:   50-block  0
call    0 never executed
branch  1 never executed
branch  2 never executed
    #####:   51:    cin >> tipNou;
    %%%%%:   51-block  0
call    0 never executed
branch  1 never executed
branch  2 never executed
        -:   52:
    #####:   53:    cout << "Profesor nou: ";
    %%%%%:   53-block  0
call    0 never executed
branch  1 never executed
branch  2 never executed
    #####:   54:    cin >> profesorNou;
    %%%%%:   54-block  0
call    0 never executed
branch  1 never executed
branch  2 never executed
        -:   55:
    #####:   56:    service.updateService(denumire, denumireNoua, nrOreNou, tipNou, profesorNou);
    %%%%%:   56-block  0
call    0 never executed
branch  1 never executed
branch  2 never executed
    #####:   57:    cout << "Disciplina modificata cu succes!\n";
    %%%%%:   57-block  0
call    0 never executed
branch  1 never executed
branch  2 never executed
    #####:   58:}
    %%%%%:   58-block  0
call    0 never executed
call    1 never executed
call    2 never executed
call    3 never executed
    $$$$$:   58-block  1
call    4 never executed
    $$$$$:   58-block  2
call    5 never executed
    $$$$$:   58-block  3
call    6 never executed
    $$$$$:   58-block  4
call    7 never executed
        -:   59:
function _ZN2Ui7printUiERK17VectDinNewDeleteTI10DisciplinaE called 0 returned 0% blocks executed 0%
    #####:   60:void Ui::printUi(const VectDinNewDeleteT<Disciplina> &discipline) {
    #####:   61:    if (discipline.empty()) cout << "Nu existe discipline in aplicatie!\n";
    %%%%%:   61-block  0
call    0 never executed
branch  1 never executed
branch  2 never executed
    %%%%%:   61-block  1
call    3 never executed
        -:   62:    else {
    #####:   63:        cout << "Disciplinele sunt:\n";
    %%%%%:   63-block  0
call    0 never executed
    #####:   64:        for (const auto& disciplina : discipline) {
call    0 never executed
call    1 never executed
    %%%%%:   64-block  0
call    2 never executed
branch  3 never executed
branch  4 never executed
    %%%%%:   64-block  1
call    5 never executed
branch  6 never executed
branch  7 never executed
    #####:   65:            cout << "Denumire: " << disciplina.getDenumire() << ' ';
    %%%%%:   65-block  0
call    0 never executed
branch  1 never executed
branch  2 never executed
    %%%%%:   65-block  1
call    3 never executed
branch  4 never executed
branch  5 never executed
    %%%%%:   65-block  2
call    6 never executed
branch  7 never executed
branch  8 never executed
    %%%%%:   65-block  3
call    9 never executed
branch 10 never executed
branch 11 never executed
    %%%%%:   65-block  4
call   12 never executed
    $$$$$:   65-block  5
call   13 never executed
    $$$$$:   65-block  6
    #####:   66:            cout << "Ore: " << disciplina.getOrePeSaptamana() << ' ';
call    0 never executed
branch  1 never executed
branch  2 never executed
    %%%%%:   66-block  0
call    3 never executed
branch  4 never executed
branch  5 never executed
    %%%%%:   66-block  1
call    6 never executed
branch  7 never executed
branch  8 never executed
    %%%%%:   66-block  2
call    9 never executed
branch 10 never executed
branch 11 never executed
    #####:   67:            cout << "Tip: " << disciplina.getTip() << ' ';
    %%%%%:   67-block  0
call    0 never executed
branch  1 never executed
branch  2 never executed
    %%%%%:   67-block  1
call    3 never executed
branch  4 never executed
branch  5 never executed
    %%%%%:   67-block  2
call    6 never executed
branch  7 never executed
branch  8 never executed
    %%%%%:   67-block  3
call    9 never executed
branch 10 never executed
branch 11 never executed
    %%%%%:   67-block  4
call   12 never executed
    $$$$$:   67-block  5
call   13 never executed
    $$$$$:   67-block  6
    #####:   68:            cout << "Profesor: " << disciplina.getProfesor() << '\n';
call    0 never executed
branch  1 never executed
branch  2 never executed
    %%%%%:   68-block  0
call    3 never executed
branch  4 never executed
branch  5 never executed
    %%%%%:   68-block  1
call    6 never executed
branch  7 never executed
branch  8 never executed
    %%%%%:   68-block  2
call    9 never executed
branch 10 never executed
branch 11 never executed
    %%%%%:   68-block  3
call   12 never executed
call   13 never executed
branch 14 never executed
branch 15 never executed
    $$$$$:   68-block  4
call   16 never executed
    $$$$$:   68-block  5
        -:   69:        }
    #####:   70:        cout << "Sfarsit lista\n";
    %%%%%:   70-block  0
call    0 never executed
        -:   71:    }
    #####:   72:}
    %%%%%:   72-block  0
        -:   73:
function _ZN2Ui8searchUiEv called 0 returned 0% blocks executed 0%
    #####:   74:void Ui::searchUi(){
    #####:   75:    string denumire;
    %%%%%:   75-block  0
call    0 never executed
    #####:   76:    cout << "Denumire: ";
call    0 never executed
branch  1 never executed
branch  2 never executed
    #####:   77:    cin >> denumire;
    %%%%%:   77-block  0
call    0 never executed
branch  1 never executed
branch  2 never executed
        -:   78:
    #####:   79:    Disciplina disciplinaCautata = service.searchService(denumire);
    %%%%%:   79-block  0
call    0 never executed
branch  1 never executed
branch  2 never executed
        -:   80:
    #####:   81:    cout << "Denumire: " << disciplinaCautata.getDenumire() << ' ';
    %%%%%:   81-block  0
call    0 never executed
branch  1 never executed
branch  2 never executed
    %%%%%:   81-block  1
call    3 never executed
branch  4 never executed
branch  5 never executed
    %%%%%:   81-block  2
call    6 never executed
branch  7 never executed
branch  8 never executed
    %%%%%:   81-block  3
call    9 never executed
branch 10 never executed
branch 11 never executed
    %%%%%:   81-block  4
call   12 never executed
    $$$$$:   81-block  5
call   13 never executed
    $$$$$:   81-block  6
    #####:   82:    cout << "Ore: " << disciplinaCautata.getOrePeSaptamana() << ' ';
call    0 never executed
branch  1 never executed
branch  2 never executed
    %%%%%:   82-block  0
call    3 never executed
branch  4 never executed
branch  5 never executed
    %%%%%:   82-block  1
call    6 never executed
branch  7 never executed
branch  8 never executed
    %%%%%:   82-block  2
call    9 never executed
branch 10 never executed
branch 11 never executed
    #####:   83:    cout << "Tip: " << disciplinaCautata.getTip() << ' ';
    %%%%%:   83-block  0
call    0 never executed
branch  1 never executed
branch  2 never executed
    %%%%%:   83-block  1
call    3 never executed
branch  4 never executed
branch  5 never executed
    %%%%%:   83-block  2
call    6 never executed
branch  7 never executed
branch  8 never executed
    %%%%%:   83-block  3
call    9 never executed
branch 10 never executed
branch 11 never executed
    %%%%%:   83-block  4
call   12 never executed
    $$$$$:   83-block  5
call   13 never executed
    $$$$$:   83-block  6
    #####:   84:    cout << "Profesor: " << disciplinaCautata.getProfesor() << '\n';
call    0 never executed
branch  1 never executed
branch  2 never executed
    %%%%%:   84-block  0
call    3 never executed
branch  4 never executed
branch  5 never executed
    %%%%%:   84-block  1
call    6 never executed
branch  7 never executed
branch  8 never executed
    %%%%%:   84-block  2
call    9 never executed
branch 10 never executed
branch 11 never executed
    %%%%%:   84-block  3
call   12 never executed
    $$$$$:   84-block  4
call   13 never executed
    $$$$$:   84-block  5
    #####:   85:}
call    0 never executed
call    1 never executed
    $$$$$:   85-block  0
call    2 never executed
    $$$$$:   85-block  1
call    3 never executed
        -:   86:
function _ZN2Ui8filterUiEv called 0 returned 0% blocks executed 0%
    #####:   87:void Ui::filterUi(){
    #####:   88:    string criteriu;
    %%%%%:   88-block  0
call    0 never executed
    #####:   89:    cout << "Filtrare dupa ore(o)/ profesor(p): ";
call    0 never executed
branch  1 never executed
branch  2 never executed
    #####:   90:    cin >> criteriu;
    %%%%%:   90-block  0
call    0 never executed
branch  1 never executed
branch  2 never executed
    #####:   91:    if(criteriu == "o"){
    %%%%%:   91-block  0
call    0 never executed
branch  1 never executed
branch  2 never executed
        -:   92:        int nrOre;
    #####:   93:        cout << "Numar ore: ";
    %%%%%:   93-block  0
call    0 never executed
branch  1 never executed
branch  2 never executed
    #####:   94:        cin >> nrOre;
    %%%%%:   94-block  0
call    0 never executed
branch  1 never executed
branch  2 never executed
    #####:   95:        if (service.filterNrOre(nrOre).empty())
    %%%%%:   95-block  0
call    0 never executed
branch  1 never executed
branch  2 never executed
    %%%%%:   95-block  1
call    3 never executed
call    4 never executed
branch  5 never executed
branch  6 never executed
    #####:   96:            cout << "Nu exista discipline cautate!\n";
    %%%%%:   96-block  0
call    0 never executed
branch  1 never executed
branch  2 never executed
    #####:   97:        else printUi(service.filterNrOre(nrOre));
    %%%%%:   97-block  0
call    0 never executed
branch  1 never executed
branch  2 never executed
    %%%%%:   97-block  1
call    3 never executed
branch  4 never executed
branch  5 never executed
    %%%%%:   97-block  2
call    6 never executed
    $$$$$:   97-block  3
call    7 never executed
    $$$$$:   97-block  4
    #####:   98:    }else if(criteriu == "p") {
    %%%%%:   98-block  0
call    0 never executed
branch  1 never executed
branch  2 never executed
    #####:   99:            string profesor;
    %%%%%:   99-block  0
call    0 never executed
    #####:  100:            cout << "Profesor: ";
call    0 never executed
branch  1 never executed
branch  2 never executed
    #####:  101:            cin >> profesor;
    %%%%%:  101-block  0
call    0 never executed
branch  1 never executed
branch  2 never executed
    #####:  102:            if (service.filterProfesor(profesor).empty())
    %%%%%:  102-block  0
call    0 never executed
branch  1 never executed
branch  2 never executed
    %%%%%:  102-block  1
call    3 never executed
call    4 never executed
branch  5 never executed
branch  6 never executed
    #####:  103:                cout << "Nu exista discipline cautate!\n";
    %%%%%:  103-block  0
call    0 never executed
branch  1 never executed
branch  2 never executed
    #####:  104:            else printUi(service.filterProfesor(profesor));
    %%%%%:  104-block  0
call    0 never executed
branch  1 never executed
branch  2 never executed
    %%%%%:  104-block  1
call    3 never executed
branch  4 never executed
branch  5 never executed
    %%%%%:  104-block  2
call    6 never executed
    $$$$$:  104-block  3
call    7 never executed
    $$$$$:  104-block  4
    #####:  105:        }
    %%%%%:  105-block  0
call    0 never executed
    $$$$$:  105-block  1
call    1 never executed
        -:  106:    else {
    #####:  107:        cout << "Criteriu invalid!\n";
    %%%%%:  107-block  0
call    0 never executed
branch  1 never executed
branch  2 never executed
        -:  108:    }
    #####:  109:}
    %%%%%:  109-block  0
call    0 never executed
    $$$$$:  109-block  1
call    1 never executed
        -:  110:
function _ZN2Ui6sortUiEv called 0 returned 0% blocks executed 0%
    #####:  111:void Ui::sortUi() {
    #####:  112:    string criteriu;
    %%%%%:  112-block  0
call    0 never executed
    #####:  113:    cout << "Sortare dupa denumire(d)/ ore(o)/ tip+profesor(tp): ";
call    0 never executed
branch  1 never executed
branch  2 never executed
    #####:  114:    cin >> criteriu;
    %%%%%:  114-block  0
call    0 never executed
branch  1 never executed
branch  2 never executed
    #####:  115:    if (criteriu == "d"){
    %%%%%:  115-block  0
call    0 never executed
branch  1 never executed
branch  2 never executed
    #####:  116:        printUi(service.sortByDenumire());
    %%%%%:  116-block  0
call    0 never executed
branch  1 never executed
branch  2 never executed
    %%%%%:  116-block  1
call    3 never executed
branch  4 never executed
branch  5 never executed
    %%%%%:  116-block  2
call    6 never executed
    $$$$$:  116-block  3
call    7 never executed
    $$$$$:  116-block  4
    #####:  117:    }else if (criteriu == "o"){
    %%%%%:  117-block  0
call    0 never executed
branch  1 never executed
branch  2 never executed
    #####:  118:        printUi(service.sortByNrOre());
    %%%%%:  118-block  0
call    0 never executed
branch  1 never executed
branch  2 never executed
    %%%%%:  118-block  1
call    3 never executed
branch  4 never executed
branch  5 never executed
    %%%%%:  118-block  2
call    6 never executed
    $$$$$:  118-block  3
call    7 never executed
    $$$$$:  118-block  4
    #####:  119:    }else if (criteriu == "tp"){
    %%%%%:  119-block  0
call    0 never executed
branch  1 never executed
branch  2 never executed
    #####:  120:        printUi(service.sortByTipProfesor());
    %%%%%:  120-block  0
call    0 never executed
branch  1 never executed
branch  2 never executed
    %%%%%:  120-block  1
call    3 never executed
branch  4 never executed
branch  5 never executed
    %%%%%:  120-block  2
call    6 never executed
    $$$$$:  120-block  3
call    7 never executed
    $$$$$:  120-block  4
        -:  121:    }else{
    #####:  122:        cout << "Criteriu invalid!\n";
    %%%%%:  122-block  0
call    0 never executed
branch  1 never executed
branch  2 never executed
        -:  123:    }
    #####:  124:}
    %%%%%:  124-block  0
call    0 never executed
    $$$$$:  124-block  1
call    1 never executed
        -:  125:
function _ZN2Ui4menuEv called 0 returned 0% blocks executed 0%
    #####:  126:void Ui::menu() {
    #####:  127:    cout << "_________ MENIU _________\n";
    %%%%%:  127-block  0
call    0 never executed
    #####:  128:    cout << "1.Adaugare\n";
call    0 never executed
    #####:  129:    cout << "2.Stergere\n";
call    0 never executed
    #####:  130:    cout << "3.Modificare\n";
call    0 never executed
    #####:  131:    cout << "4.Afisare\n";
call    0 never executed
    #####:  132:    cout << "5.Cautare\n";
call    0 never executed
    #####:  133:    cout << "6.Filtrare\n";
call    0 never executed
    #####:  134:    cout << "7.Sortare\n";
call    0 never executed
    #####:  135:    cout << "_________________________\n";
call    0 never executed
    #####:  136:}
        -:  137:
function _ZN2Ui5runUiEv called 0 returned 0% blocks executed 0%
    #####:  138:void Ui::runUi() {
        -:  139:    while(true){
    #####:  140:        int cmd = 0;
    #####:  141:        cout << ">>>";
    %%%%%:  141-block  0
call    0 never executed
branch  1 never executed
branch  2 never executed
    #####:  142:        cin >> cmd;
    %%%%%:  142-block  0
call    0 never executed
branch  1 never executed
branch  2 never executed
    #####:  143:        if (cmd == 0){
    %%%%%:  143-block  0
branch  0 never executed
branch  1 never executed
    #####:  144:            break;
    %%%%%:  144-block  0
        -:  145:        }
        -:  146:        try {
    #####:  147:            switch (cmd) {
    %%%%%:  147-block  0
branch  0 never executed
branch  1 never executed
branch  2 never executed
branch  3 never executed
branch  4 never executed
branch  5 never executed
branch  6 never executed
branch  7 never executed
branch  8 never executed
    #####:  148:                case 1:
    #####:  149:                    addUi();
    %%%%%:  149-block  0
call    0 never executed
branch  1 never executed
branch  2 never executed
    #####:  150:                    break;
    %%%%%:  150-block  0
    #####:  151:                case 2:
    #####:  152:                    deleteUi();
    %%%%%:  152-block  0
call    0 never executed
branch  1 never executed
branch  2 never executed
    #####:  153:                    break;
    %%%%%:  153-block  0
    #####:  154:                case 3:
    #####:  155:                    updateUi();
    %%%%%:  155-block  0
call    0 never executed
branch  1 never executed
branch  2 never executed
    #####:  156:                    break;
    %%%%%:  156-block  0
    #####:  157:                case 4:
    #####:  158:                    printUi(service.getAll());
    %%%%%:  158-block  0
call    0 never executed
branch  1 never executed
branch  2 never executed
    %%%%%:  158-block  1
call    3 never executed
branch  4 never executed
branch  5 never executed
    %%%%%:  158-block  2
call    6 never executed
    $$$$$:  158-block  3
call    7 never executed
    $$$$$:  158-block  4
    #####:  159:                    break;
    #####:  160:                case 5:
    #####:  161:                    searchUi();
    %%%%%:  161-block  0
call    0 never executed
branch  1 never executed
branch  2 never executed
    #####:  162:                    break;
    %%%%%:  162-block  0
    #####:  163:                case 6:
    #####:  164:                    filterUi();
    %%%%%:  164-block  0
call    0 never executed
branch  1 never executed
branch  2 never executed
    #####:  165:                    break;
    %%%%%:  165-block  0
    #####:  166:                case 7:
    #####:  167:                    sortUi();
    %%%%%:  167-block  0
call    0 never executed
branch  1 never executed
branch  2 never executed
    #####:  168:                    break;
    %%%%%:  168-block  0
    #####:  169:                case 0:
    #####:  170:                    return;
    %%%%%:  170-block  0
    #####:  171:                default:
    #####:  172:                    cout << "Comanda invalida!\n";
    %%%%%:  172-block  0
call    0 never executed
branch  1 never executed
branch  2 never executed
        -:  173:            }
    =====:  174:        }catch (RepoException &ex){
    $$$$$:  174-block  0
branch  0 never executed
branch  1 never executed
branch  2 never executed
    $$$$$:  174-block  1
call    3 never executed
    =====:  175:            cout << ex.getMesaj();
call    0 never executed
branch  1 never executed
branch  2 never executed
    $$$$$:  175-block  0
call    3 never executed
branch  4 never executed
branch  5 never executed
    $$$$$:  175-block  1
call    6 never executed
    $$$$$:  175-block  2
call    7 never executed
    $$$$$:  175-block  3
    =====:  176:        }catch (ValidateException& ex){
call    0 never executed
branch  1 never executed
branch  2 never executed
    $$$$$:  176-block  0
call    3 never executed
    $$$$$:  176-block  1
call    4 never executed
    =====:  177:            cout << ex;
call    0 never executed
branch  1 never executed
branch  2 never executed
    =====:  178:            cout << "\n";
    $$$$$:  178-block  0
call    0 never executed
branch  1 never executed
branch  2 never executed
    =====:  179:        }
    $$$$$:  179-block  0
call    0 never executed
branch  1 never executed
branch  2 never executed
    $$$$$:  179-block  1
call    3 never executed
    #####:  180:    }
    %%%%%:  180-block  0
        -:  181:}
