        -:    0:Source:C:/Users/EMANUEL/Desktop/OOP/Laborator_6_7/validare.cpp
        -:    0:Graph:C:\Users\EMANUEL\Desktop\OOP\Laborator_6_7\cmake-build-debug-coverage\CMakeFiles\Laborator_6_7.dir\validare.cpp.gcno
        -:    0:Data:C:\Users\EMANUEL\Desktop\OOP\Laborator_6_7\cmake-build-debug-coverage\CMakeFiles\Laborator_6_7.dir\validare.cpp.gcda
        -:    0:Runs:1
        -:    1:#include "validare.h"
        -:    2:#include "exceptions.h"
        -:    3:#include <vector>
        -:    4:
        -:    5:using std::vector;
        -:    6:
function _ZN18ValidareDisciplina8validateERK10Disciplina called 11 returned 91% blocks executed 85%
       11:    7:void  ValidareDisciplina::validate(const Disciplina& d) {
       11:    8:    vector<string> msgs;
       11:    8-block  0
call    0 returned 11
       11:    9:    if (d.getDenumire().empty()) msgs.emplace_back("Denumire invalida!");
call    0 returned 11
branch  1 taken 11 (fallthrough)
branch  2 taken 0 (throw)
       11:    9-block  0
call    3 returned 11
call    4 returned 11
branch  5 taken 1 (fallthrough)
branch  6 taken 10
        1:    9-block  1
call    7 returned 1
branch  8 taken 1 (fallthrough)
branch  9 taken 0 (throw)
      11*:   10:    if (d.getOrePeSaptamana() < 0) msgs.emplace_back("Numar ore negativ!");
       11:   10-block  0
call    0 returned 11
branch  1 taken 11 (fallthrough)
branch  2 taken 0 (throw)
       11:   10-block  1
branch  3 taken 0 (fallthrough)
branch  4 taken 11
    %%%%%:   10-block  2
call    5 never executed
branch  6 never executed
branch  7 never executed
       11:   11:    if (d.getOrePeSaptamana() == 0) msgs.emplace_back("Numar ore invalid!");
       11:   11-block  0
call    0 returned 11
branch  1 taken 11 (fallthrough)
branch  2 taken 0 (throw)
       11:   11-block  1
branch  3 taken 1 (fallthrough)
branch  4 taken 10
        1:   11-block  2
call    5 returned 1
branch  6 taken 1 (fallthrough)
branch  7 taken 0 (throw)
      11*:   12:    if (d.getTip().empty()) msgs.emplace_back("Tip invalid!");
       11:   12-block  0
call    0 returned 11
branch  1 taken 11 (fallthrough)
branch  2 taken 0 (throw)
       11:   12-block  1
call    3 returned 11
call    4 returned 11
branch  5 taken 0 (fallthrough)
branch  6 taken 11
    %%%%%:   12-block  2
call    7 never executed
branch  8 never executed
branch  9 never executed
      11*:   13:    if (d.getProfesor().empty()) msgs.emplace_back("Profesor invalid!");
       11:   13-block  0
call    0 returned 11
branch  1 taken 11 (fallthrough)
branch  2 taken 0 (throw)
       11:   13-block  1
call    3 returned 11
call    4 returned 11
branch  5 taken 0 (fallthrough)
branch  6 taken 11
    %%%%%:   13-block  2
call    7 never executed
branch  8 never executed
branch  9 never executed
       11:   14:    if (!msgs.empty()) {
       11:   14-block  0
call    0 returned 11
branch  1 taken 1 (fallthrough)
branch  2 taken 10
        1:   15:        throw ValidateException(msgs);
        1:   15-block  0
call    0 returned 1
call    1 returned 1
branch  2 taken 1 (fallthrough)
branch  3 taken 0 (throw)
        1:   15-block  1
call    4 returned 1
    $$$$$:   15-block  2
call    5 never executed
        -:   16:    }
       11:   17:}
       10:   17-block  0
call    0 returned 10
        1:   17-block  1
call    1 returned 1
